{"C:\\Users\\USER\\Documents\\interview\\frontend-assessment\\src\\components\\SearchBar.tsx": {"path":"C:\\Users\\USER\\Documents\\interview\\frontend-assessment\\src\\components\\SearchBar.tsx","statementMap":{"0":{"start":{"line":2,"column":0},"end":{"line":2,"column":null}},"1":{"start":{"line":9,"column":0},"end":{"line":9,"column":41}},"2":{"start":{"line":16,"column":26},"end":{"line":16,"column":29}},"3":{"start":{"line":17,"column":26},"end":{"line":21,"column":2}},"4":{"start":{"line":23,"column":51},"end":{"line":237,"column":1}},"5":{"start":{"line":27,"column":38},"end":{"line":27,"column":50}},"6":{"start":{"line":29,"column":44},"end":{"line":31,"column":4}},"7":{"start":{"line":30,"column":4},"end":{"line":30,"column":69}},"8":{"start":{"line":32,"column":40},"end":{"line":32,"column":62}},"9":{"start":{"line":33,"column":42},"end":{"line":33,"column":54}},"10":{"start":{"line":34,"column":38},"end":{"line":34,"column":53}},"11":{"start":{"line":35,"column":19},"end":{"line":35,"column":49}},"12":{"start":{"line":36,"column":18},"end":{"line":36,"column":46}},"13":{"start":{"line":37,"column":22},"end":{"line":37,"column":35}},"14":{"start":{"line":39,"column":2},"end":{"line":41,"column":22}},"15":{"start":{"line":40,"column":4},"end":{"line":40,"column":73}},"16":{"start":{"line":43,"column":29},"end":{"line":57,"column":8}},"17":{"start":{"line":44,"column":14},"end":{"line":44,"column":32}},"18":{"start":{"line":45,"column":14},"end":{"line":45,"column":32}},"19":{"start":{"line":46,"column":16},"end":{"line":46,"column":17}},"20":{"start":{"line":48,"column":4},"end":{"line":48,"column":30}},"21":{"start":{"line":48,"column":17},"end":{"line":48,"column":30}},"22":{"start":{"line":49,"column":4},"end":{"line":49,"column":37}},"23":{"start":{"line":49,"column":25},"end":{"line":49,"column":37}},"24":{"start":{"line":50,"column":4},"end":{"line":50,"column":35}},"25":{"start":{"line":50,"column":23},"end":{"line":50,"column":35}},"26":{"start":{"line":52,"column":4},"end":{"line":54,"column":5}},"27":{"start":{"line":52,"column":17},"end":{"line":52,"column":18}},"28":{"start":{"line":53,"column":6},"end":{"line":53,"column":37}},"29":{"start":{"line":53,"column":25},"end":{"line":53,"column":37}},"30":{"start":{"line":56,"column":4},"end":{"line":56,"column":17}},"31":{"start":{"line":59,"column":30},"end":{"line":68,"column":38}},"32":{"start":{"line":60,"column":4},"end":{"line":60,"column":42}},"33":{"start":{"line":60,"column":32},"end":{"line":60,"column":42}},"34":{"start":{"line":62,"column":4},"end":{"line":67,"column":19}},"35":{"start":{"line":63,"column":22},"end":{"line":63,"column":61}},"36":{"start":{"line":64,"column":20},"end":{"line":64,"column":73}},"37":{"start":{"line":65,"column":22},"end":{"line":65,"column":39}},"38":{"start":{"line":66,"column":19},"end":{"line":66,"column":28}},"39":{"start":{"line":70,"column":2},"end":{"line":77,"column":55}},"40":{"start":{"line":71,"column":4},"end":{"line":71,"column":40}},"41":{"start":{"line":72,"column":4},"end":{"line":76,"column":6}},"42":{"start":{"line":79,"column":28},"end":{"line":110,"column":3}},"43":{"start":{"line":80,"column":21},"end":{"line":80,"column":86}},"44":{"start":{"line":81,"column":4},"end":{"line":81,"column":28}},"45":{"start":{"line":82,"column":4},"end":{"line":82,"column":24}},"46":{"start":{"line":85,"column":4},"end":{"line":85,"column":63}},"47":{"start":{"line":85,"column":29},"end":{"line":85,"column":63}},"48":{"start":{"line":86,"column":4},"end":{"line":109,"column":12}},"49":{"start":{"line":87,"column":6},"end":{"line":87,"column":25}},"50":{"start":{"line":90,"column":6},"end":{"line":108,"column":7}},"51":{"start":{"line":91,"column":8},"end":{"line":95,"column":11}},"52":{"start":{"line":92,"column":27},"end":{"line":92,"column":65}},"53":{"start":{"line":92,"column":47},"end":{"line":92,"column":64}},"54":{"start":{"line":93,"column":23},"end":{"line":93,"column":59}},"55":{"start":{"line":94,"column":10},"end":{"line":94,"column":22}},"56":{"start":{"line":98,"column":8},"end":{"line":100,"column":9}},"57":{"start":{"line":102,"column":8},"end":{"line":107,"column":9}},"58":{"start":{"line":103,"column":23},"end":{"line":105,"column":79}},"59":{"start":{"line":105,"column":35},"end":{"line":105,"column":75}},"60":{"start":{"line":106,"column":10},"end":{"line":106,"column":81}},"61":{"start":{"line":112,"column":22},"end":{"line":119,"column":3}},"62":{"start":{"line":113,"column":4},"end":{"line":113,"column":22}},"63":{"start":{"line":114,"column":4},"end":{"line":114,"column":23}},"64":{"start":{"line":115,"column":4},"end":{"line":115,"column":24}},"65":{"start":{"line":116,"column":4},"end":{"line":116,"column":44}},"66":{"start":{"line":117,"column":4},"end":{"line":117,"column":17}},"67":{"start":{"line":118,"column":4},"end":{"line":118,"column":30}},"68":{"start":{"line":121,"column":24},"end":{"line":144,"column":3}},"69":{"start":{"line":122,"column":18},"end":{"line":122,"column":65}},"70":{"start":{"line":123,"column":4},"end":{"line":123,"column":30}},"71":{"start":{"line":123,"column":23},"end":{"line":123,"column":30}},"72":{"start":{"line":125,"column":4},"end":{"line":143,"column":5}},"73":{"start":{"line":127,"column":8},"end":{"line":127,"column":27}},"74":{"start":{"line":128,"column":8},"end":{"line":128,"column":66}},"75":{"start":{"line":128,"column":31},"end":{"line":128,"column":64}},"76":{"start":{"line":129,"column":8},"end":{"line":129,"column":14}},"77":{"start":{"line":131,"column":8},"end":{"line":131,"column":27}},"78":{"start":{"line":132,"column":8},"end":{"line":132,"column":51}},"79":{"start":{"line":132,"column":31},"end":{"line":132,"column":49}},"80":{"start":{"line":133,"column":8},"end":{"line":133,"column":14}},"81":{"start":{"line":135,"column":8},"end":{"line":137,"column":9}},"82":{"start":{"line":136,"column":10},"end":{"line":136,"column":53}},"83":{"start":{"line":138,"column":8},"end":{"line":138,"column":14}},"84":{"start":{"line":140,"column":8},"end":{"line":140,"column":27}},"85":{"start":{"line":141,"column":8},"end":{"line":141,"column":29}},"86":{"start":{"line":142,"column":8},"end":{"line":142,"column":14}},"87":{"start":{"line":146,"column":32},"end":{"line":153,"column":3}},"88":{"start":{"line":147,"column":4},"end":{"line":147,"column":30}},"89":{"start":{"line":148,"column":4},"end":{"line":148,"column":23}},"90":{"start":{"line":149,"column":4},"end":{"line":149,"column":24}},"91":{"start":{"line":150,"column":4},"end":{"line":150,"column":25}},"92":{"start":{"line":151,"column":4},"end":{"line":151,"column":25}},"93":{"start":{"line":152,"column":4},"end":{"line":152,"column":30}},"94":{"start":{"line":155,"column":2},"end":{"line":157,"column":9}},"95":{"start":{"line":156,"column":4},"end":{"line":156,"column":30}},"96":{"start":{"line":159,"column":2},"end":{"line":164,"column":21}},"97":{"start":{"line":160,"column":4},"end":{"line":163,"column":5}},"98":{"start":{"line":161,"column":17},"end":{"line":161,"column":70}},"99":{"start":{"line":162,"column":6},"end":{"line":162,"column":47}},"100":{"start":{"line":166,"column":2},"end":{"line":236,"column":4}},"101":{"start":{"line":199,"column":14},"end":{"line":200,"column":null}},"102":{"start":{"line":202,"column":31},"end":{"line":202,"column":58}},"103":{"start":{"line":208,"column":20},"end":{"line":211,"column":null}},"104":{"start":{"line":221,"column":16},"end":{"line":222,"column":null}},"105":{"start":{"line":224,"column":33},"end":{"line":224,"column":60}},"106":{"start":{"line":23,"column":13},"end":{"line":23,"column":51}}},"fnMap":{"0":{"name":"(anonymous_9)","decl":{"start":{"line":23,"column":51},"end":{"line":23,"column":52}},"loc":{"start":{"line":26,"column":5},"end":{"line":237,"column":1}}},"1":{"name":"(anonymous_10)","decl":{"start":{"line":29,"column":63},"end":{"line":29,"column":66}},"loc":{"start":{"line":29,"column":68},"end":{"line":31,"column":3}}},"2":{"name":"(anonymous_11)","decl":{"start":{"line":39,"column":12},"end":{"line":39,"column":15}},"loc":{"start":{"line":39,"column":17},"end":{"line":41,"column":3}}},"3":{"name":"(anonymous_12)","decl":{"start":{"line":43,"column":41},"end":{"line":43,"column":42}},"loc":{"start":{"line":43,"column":80},"end":{"line":57,"column":3}}},"4":{"name":"(anonymous_13)","decl":{"start":{"line":59,"column":38},"end":{"line":59,"column":41}},"loc":{"start":{"line":59,"column":43},"end":{"line":68,"column":3}}},"5":{"name":"(anonymous_14)","decl":{"start":{"line":63,"column":14},"end":{"line":63,"column":18}},"loc":{"start":{"line":63,"column":22},"end":{"line":63,"column":61}}},"6":{"name":"(anonymous_15)","decl":{"start":{"line":64,"column":11},"end":{"line":64,"column":15}},"loc":{"start":{"line":64,"column":20},"end":{"line":64,"column":73}}},"7":{"name":"(anonymous_16)","decl":{"start":{"line":65,"column":12},"end":{"line":65,"column":13}},"loc":{"start":{"line":65,"column":22},"end":{"line":65,"column":39}}},"8":{"name":"(anonymous_17)","decl":{"start":{"line":66,"column":11},"end":{"line":66,"column":15}},"loc":{"start":{"line":66,"column":19},"end":{"line":66,"column":28}}},"9":{"name":"(anonymous_18)","decl":{"start":{"line":70,"column":12},"end":{"line":70,"column":15}},"loc":{"start":{"line":70,"column":17},"end":{"line":77,"column":3}}},"10":{"name":"(anonymous_19)","decl":{"start":{"line":79,"column":28},"end":{"line":79,"column":29}},"loc":{"start":{"line":79,"column":71},"end":{"line":110,"column":3}}},"11":{"name":"(anonymous_20)","decl":{"start":{"line":86,"column":37},"end":{"line":86,"column":40}},"loc":{"start":{"line":86,"column":42},"end":{"line":109,"column":5}}},"12":{"name":"(anonymous_21)","decl":{"start":{"line":91,"column":25},"end":{"line":91,"column":26}},"loc":{"start":{"line":91,"column":34},"end":{"line":95,"column":9}}},"13":{"name":"(anonymous_22)","decl":{"start":{"line":92,"column":39},"end":{"line":92,"column":43}},"loc":{"start":{"line":92,"column":47},"end":{"line":92,"column":64}}},"14":{"name":"(anonymous_23)","decl":{"start":{"line":105,"column":20},"end":{"line":105,"column":21}},"loc":{"start":{"line":105,"column":35},"end":{"line":105,"column":75}}},"15":{"name":"(anonymous_24)","decl":{"start":{"line":112,"column":22},"end":{"line":112,"column":25}},"loc":{"start":{"line":112,"column":27},"end":{"line":119,"column":3}}},"16":{"name":"(anonymous_25)","decl":{"start":{"line":121,"column":24},"end":{"line":121,"column":25}},"loc":{"start":{"line":121,"column":69},"end":{"line":144,"column":3}}},"17":{"name":"(anonymous_26)","decl":{"start":{"line":128,"column":24},"end":{"line":128,"column":25}},"loc":{"start":{"line":128,"column":31},"end":{"line":128,"column":64}}},"18":{"name":"(anonymous_27)","decl":{"start":{"line":132,"column":24},"end":{"line":132,"column":25}},"loc":{"start":{"line":132,"column":31},"end":{"line":132,"column":49}}},"19":{"name":"(anonymous_28)","decl":{"start":{"line":146,"column":32},"end":{"line":146,"column":33}},"loc":{"start":{"line":146,"column":55},"end":{"line":153,"column":3}}},"20":{"name":"(anonymous_29)","decl":{"start":{"line":155,"column":12},"end":{"line":155,"column":15}},"loc":{"start":{"line":155,"column":17},"end":{"line":157,"column":3}}},"21":{"name":"(anonymous_30)","decl":{"start":{"line":159,"column":12},"end":{"line":159,"column":15}},"loc":{"start":{"line":159,"column":17},"end":{"line":164,"column":3}}},"22":{"name":"(anonymous_31)","decl":{"start":{"line":198,"column":28},"end":{"line":198,"column":29}},"loc":{"start":{"line":199,"column":14},"end":{"line":200,"column":null}}},"23":{"name":"(anonymous_32)","decl":{"start":{"line":202,"column":25},"end":{"line":202,"column":28}},"loc":{"start":{"line":202,"column":31},"end":{"line":202,"column":58}}},"24":{"name":"(anonymous_33)","decl":{"start":{"line":207,"column":70},"end":{"line":207,"column":71}},"loc":{"start":{"line":208,"column":20},"end":{"line":211,"column":null}}},"25":{"name":"(anonymous_34)","decl":{"start":{"line":220,"column":45},"end":{"line":220,"column":46}},"loc":{"start":{"line":221,"column":16},"end":{"line":222,"column":null}}},"26":{"name":"(anonymous_35)","decl":{"start":{"line":224,"column":27},"end":{"line":224,"column":30}},"loc":{"start":{"line":224,"column":33},"end":{"line":224,"column":60}}}},"branchMap":{"0":{"loc":{"start":{"line":25,"column":2},"end":{"line":25,"column":40}},"type":"default-arg","locations":[{"start":{"line":25,"column":16},"end":{"line":25,"column":40}}]},"1":{"loc":{"start":{"line":30,"column":22},"end":{"line":30,"column":67}},"type":"binary-expr","locations":[{"start":{"line":30,"column":22},"end":{"line":30,"column":59}},{"start":{"line":30,"column":63},"end":{"line":30,"column":67}}]},"2":{"loc":{"start":{"line":48,"column":4},"end":{"line":48,"column":30}},"type":"if","locations":[{"start":{"line":48,"column":4},"end":{"line":48,"column":30}},{"start":{},"end":{}}]},"3":{"loc":{"start":{"line":49,"column":4},"end":{"line":49,"column":37}},"type":"if","locations":[{"start":{"line":49,"column":4},"end":{"line":49,"column":37}},{"start":{},"end":{}}]},"4":{"loc":{"start":{"line":50,"column":4},"end":{"line":50,"column":35}},"type":"if","locations":[{"start":{"line":50,"column":4},"end":{"line":50,"column":35}},{"start":{},"end":{}}]},"5":{"loc":{"start":{"line":53,"column":6},"end":{"line":53,"column":37}},"type":"if","locations":[{"start":{"line":53,"column":6},"end":{"line":53,"column":37}},{"start":{},"end":{}}]},"6":{"loc":{"start":{"line":60,"column":4},"end":{"line":60,"column":42}},"type":"if","locations":[{"start":{"line":60,"column":4},"end":{"line":60,"column":42}},{"start":{},"end":{}}]},"7":{"loc":{"start":{"line":73,"column":6},"end":{"line":75,"column":40}},"type":"cond-expr","locations":[{"start":{"line":74,"column":10},"end":{"line":74,"column":34}},{"start":{"line":75,"column":10},"end":{"line":75,"column":40}}]},"8":{"loc":{"start":{"line":85,"column":4},"end":{"line":85,"column":63}},"type":"if","locations":[{"start":{"line":85,"column":4},"end":{"line":85,"column":63}},{"start":{},"end":{}}]},"9":{"loc":{"start":{"line":90,"column":6},"end":{"line":108,"column":7}},"type":"if","locations":[{"start":{"line":90,"column":6},"end":{"line":108,"column":7}},{"start":{},"end":{}}]},"10":{"loc":{"start":{"line":98,"column":8},"end":{"line":100,"column":9}},"type":"if","locations":[{"start":{"line":98,"column":8},"end":{"line":100,"column":9}},{"start":{},"end":{}}]},"11":{"loc":{"start":{"line":102,"column":8},"end":{"line":107,"column":9}},"type":"if","locations":[{"start":{"line":102,"column":8},"end":{"line":107,"column":9}},{"start":{},"end":{}}]},"12":{"loc":{"start":{"line":122,"column":18},"end":{"line":122,"column":65}},"type":"cond-expr","locations":[{"start":{"line":122,"column":38},"end":{"line":122,"column":49}},{"start":{"line":122,"column":52},"end":{"line":122,"column":65}}]},"13":{"loc":{"start":{"line":123,"column":4},"end":{"line":123,"column":30}},"type":"if","locations":[{"start":{"line":123,"column":4},"end":{"line":123,"column":30}},{"start":{},"end":{}}]},"14":{"loc":{"start":{"line":125,"column":4},"end":{"line":143,"column":5}},"type":"switch","locations":[{"start":{"line":126,"column":6},"end":{"line":129,"column":14}},{"start":{"line":130,"column":6},"end":{"line":133,"column":14}},{"start":{"line":134,"column":6},"end":{"line":138,"column":14}},{"start":{"line":139,"column":6},"end":{"line":142,"column":14}}]},"15":{"loc":{"start":{"line":135,"column":8},"end":{"line":137,"column":9}},"type":"if","locations":[{"start":{"line":135,"column":8},"end":{"line":137,"column":9}},{"start":{},"end":{}}]},"16":{"loc":{"start":{"line":160,"column":4},"end":{"line":163,"column":5}},"type":"if","locations":[{"start":{"line":160,"column":4},"end":{"line":163,"column":5}},{"start":{},"end":{}}]},"17":{"loc":{"start":{"line":160,"column":8},"end":{"line":160,"column":44}},"type":"binary-expr","locations":[{"start":{"line":160,"column":8},"end":{"line":160,"column":25}},{"start":{"line":160,"column":29},"end":{"line":160,"column":44}}]},"18":{"loc":{"start":{"line":183,"column":9},"end":{"line":191,"column":null}},"type":"binary-expr","locations":[{"start":{"line":183,"column":9},"end":{"line":183,"column":19}},{"start":{"line":184,"column":10},"end":{"line":190,"column":null}}]},"19":{"loc":{"start":{"line":195,"column":7},"end":{"line":233,"column":null}},"type":"binary-expr","locations":[{"start":{"line":195,"column":7},"end":{"line":195,"column":17}},{"start":{"line":196,"column":8},"end":{"line":232,"column":null}}]},"20":{"loc":{"start":{"line":197,"column":11},"end":{"line":231,"column":null}},"type":"cond-expr","locations":[{"start":{"line":198,"column":12},"end":{"line":216,"column":14}},{"start":{"line":218,"column":12},"end":{"line":230,"column":null}}]},"21":{"loc":{"start":{"line":197,"column":11},"end":{"line":197,"column":58}},"type":"binary-expr","locations":[{"start":{"line":197,"column":11},"end":{"line":197,"column":32}},{"start":{"line":197,"column":36},"end":{"line":197,"column":58}}]},"22":{"loc":{"start":{"line":201,"column":46},"end":{"line":201,"column":81}},"type":"cond-expr","locations":[{"start":{"line":201,"column":67},"end":{"line":201,"column":76}},{"start":{"line":201,"column":79},"end":{"line":201,"column":81}}]},"23":{"loc":{"start":{"line":208,"column":20},"end":{"line":211,"column":null}},"type":"cond-expr","locations":[{"start":{"line":209,"column":22},"end":{"line":209,"column":41}},{"start":{"line":211,"column":22},"end":{"line":211,"column":26}}]},"24":{"loc":{"start":{"line":223,"column":45},"end":{"line":223,"column":80}},"type":"cond-expr","locations":[{"start":{"line":223,"column":66},"end":{"line":223,"column":75}},{"start":{"line":223,"column":78},"end":{"line":223,"column":80}}]}},"s":{"0":1,"1":1,"2":1,"3":1,"4":1,"5":41,"6":41,"7":7,"8":41,"9":41,"10":41,"11":41,"12":41,"13":41,"14":41,"15":11,"16":41,"17":7,"18":7,"19":7,"20":7,"21":3,"22":7,"23":7,"24":7,"25":7,"26":7,"27":7,"28":29,"29":29,"30":7,"31":41,"32":16,"33":8,"34":8,"35":128,"36":7,"37":0,"38":7,"39":41,"40":20,"41":20,"42":41,"43":6,"44":6,"45":6,"46":6,"47":0,"48":6,"49":4,"50":4,"51":4,"52":4,"53":0,"54":4,"55":4,"56":4,"57":4,"58":0,"59":0,"60":0,"61":41,"62":1,"63":1,"64":1,"65":1,"66":1,"67":1,"68":41,"69":2,"70":2,"71":0,"72":2,"73":1,"74":1,"75":1,"76":1,"77":0,"78":0,"79":0,"80":0,"81":1,"82":1,"83":1,"84":0,"85":0,"86":0,"87":41,"88":2,"89":2,"90":2,"91":2,"92":2,"93":2,"94":41,"95":7,"96":41,"97":9,"98":1,"99":1,"100":41,"101":16,"102":1,"103":48,"104":8,"105":0,"106":1},"f":{"0":41,"1":7,"2":11,"3":7,"4":16,"5":128,"6":7,"7":0,"8":7,"9":20,"10":6,"11":4,"12":4,"13":0,"14":0,"15":1,"16":2,"17":1,"18":0,"19":2,"20":7,"21":9,"22":16,"23":1,"24":48,"25":8,"26":0},"b":{"0":[39],"1":[7,6],"2":[3,4],"3":[7,0],"4":[7,0],"5":[29,0],"6":[8,8],"7":[8,12],"8":[0,6],"9":[4,0],"10":[4,0],"11":[0,4],"12":[2,0],"13":[0,2],"14":[1,0,1,0],"15":[1,0],"16":[1,8],"17":[9,1],"18":[41,25],"19":[41,20],"20":[16,4],"21":[20,17],"22":[1,15],"23":[16,32],"24":[0,8]}}
,"C:\\Users\\USER\\Documents\\interview\\frontend-assessment\\src\\utils\\analyticsEngine.ts": {"path":"C:\\Users\\USER\\Documents\\interview\\frontend-assessment\\src\\utils\\analyticsEngine.ts","statementMap":{"0":{"start":{"line":185,"column":0},"end":{"line":185,"column":16}},"1":{"start":{"line":5,"column":38},"end":{"line":23,"column":1}},"2":{"start":{"line":6,"column":20},"end":{"line":6,"column":37}},"3":{"start":{"line":8,"column":22},"end":{"line":8,"column":56}},"4":{"start":{"line":9,"column":25},"end":{"line":9,"column":65}},"5":{"start":{"line":10,"column":28},"end":{"line":10,"column":68}},"6":{"start":{"line":11,"column":27},"end":{"line":11,"column":66}},"7":{"start":{"line":13,"column":18},"end":{"line":13,"column":35}},"8":{"start":{"line":15,"column":2},"end":{"line":22,"column":4}},"9":{"start":{"line":5,"column":13},"end":{"line":5,"column":38}},"10":{"start":{"line":26,"column":2},"end":{"line":26,"column":30}},"11":{"start":{"line":26,"column":21},"end":{"line":26,"column":30}},"12":{"start":{"line":27,"column":15},"end":{"line":27,"column":26}},"13":{"start":{"line":27,"column":35},"end":{"line":27,"column":46}},"14":{"start":{"line":28,"column":25},"end":{"line":28,"column":92}},"15":{"start":{"line":28,"column":64},"end":{"line":28,"column":91}},"16":{"start":{"line":30,"column":2},"end":{"line":30,"column":47}},"17":{"start":{"line":30,"column":15},"end":{"line":30,"column":16}},"18":{"start":{"line":30,"column":34},"end":{"line":30,"column":47}},"19":{"start":{"line":31,"column":2},"end":{"line":31,"column":47}},"20":{"start":{"line":31,"column":15},"end":{"line":31,"column":16}},"21":{"start":{"line":31,"column":34},"end":{"line":31,"column":47}},"22":{"start":{"line":33,"column":2},"end":{"line":38,"column":3}},"23":{"start":{"line":33,"column":15},"end":{"line":33,"column":16}},"24":{"start":{"line":34,"column":4},"end":{"line":37,"column":5}},"25":{"start":{"line":34,"column":17},"end":{"line":34,"column":18}},"26":{"start":{"line":35,"column":19},"end":{"line":35,"column":54}},"27":{"start":{"line":36,"column":6},"end":{"line":36,"column":87}},"28":{"start":{"line":40,"column":2},"end":{"line":40,"column":51}},"29":{"start":{"line":44,"column":66},"end":{"line":44,"column":68}},"30":{"start":{"line":46,"column":2},"end":{"line":51,"column":5}},"31":{"start":{"line":47,"column":17},"end":{"line":47,"column":52}},"32":{"start":{"line":48,"column":4},"end":{"line":48,"column":56}},"33":{"start":{"line":49,"column":4},"end":{"line":49,"column":33}},"34":{"start":{"line":50,"column":4},"end":{"line":50,"column":24}},"35":{"start":{"line":53,"column":16},"end":{"line":53,"column":41}},"36":{"start":{"line":54,"column":25},"end":{"line":58,"column":4}},"37":{"start":{"line":55,"column":19},"end":{"line":55,"column":61}},"38":{"start":{"line":56,"column":24},"end":{"line":56,"column":74}},"39":{"start":{"line":56,"column":50},"end":{"line":56,"column":70}},"40":{"start":{"line":57,"column":4},"end":{"line":57,"column":64}},"41":{"start":{"line":60,"column":24},"end":{"line":61,"column":null}},"42":{"start":{"line":61,"column":21},"end":{"line":61,"column":79}},"43":{"start":{"line":64,"column":2},"end":{"line":64,"column":54}},"44":{"start":{"line":68,"column":51},"end":{"line":68,"column":53}},"45":{"start":{"line":70,"column":2},"end":{"line":73,"column":5}},"46":{"start":{"line":71,"column":4},"end":{"line":71,"column":67}},"47":{"start":{"line":71,"column":36},"end":{"line":71,"column":67}},"48":{"start":{"line":72,"column":4},"end":{"line":72,"column":44}},"49":{"start":{"line":75,"column":21},"end":{"line":75,"column":48}},"50":{"start":{"line":76,"column":68},"end":{"line":76,"column":70}},"51":{"start":{"line":78,"column":2},"end":{"line":87,"column":3}},"52":{"start":{"line":79,"column":4},"end":{"line":79,"column":33}},"53":{"start":{"line":80,"column":4},"end":{"line":86,"column":5}},"54":{"start":{"line":81,"column":16},"end":{"line":81,"column":36}},"55":{"start":{"line":82,"column":16},"end":{"line":82,"column":36}},"56":{"start":{"line":83,"column":6},"end":{"line":85,"column":12}},"57":{"start":{"line":89,"column":2},"end":{"line":89,"column":27}},"58":{"start":{"line":92,"column":36},"end":{"line":108,"column":1}},"59":{"start":{"line":93,"column":12},"end":{"line":93,"column":40}},"60":{"start":{"line":94,"column":2},"end":{"line":94,"column":22}},"61":{"start":{"line":94,"column":13},"end":{"line":94,"column":22}},"62":{"start":{"line":96,"column":15},"end":{"line":96,"column":55}},"63":{"start":{"line":96,"column":46},"end":{"line":96,"column":51}},"64":{"start":{"line":97,"column":15},"end":{"line":97,"column":55}},"65":{"start":{"line":97,"column":46},"end":{"line":97,"column":51}},"66":{"start":{"line":98,"column":16},"end":{"line":98,"column":72}},"67":{"start":{"line":98,"column":53},"end":{"line":98,"column":68}},"68":{"start":{"line":99,"column":16},"end":{"line":99,"column":67}},"69":{"start":{"line":99,"column":50},"end":{"line":99,"column":63}},"70":{"start":{"line":100,"column":16},"end":{"line":100,"column":67}},"71":{"start":{"line":100,"column":50},"end":{"line":100,"column":63}},"72":{"start":{"line":102,"column":20},"end":{"line":102,"column":43}},"73":{"start":{"line":103,"column":22},"end":{"line":104,"column":null}},"74":{"start":{"line":107,"column":2},"end":{"line":107,"column":57}},"75":{"start":{"line":130,"column":18},"end":{"line":130,"column":50}},"76":{"start":{"line":132,"column":2},"end":{"line":135,"column":5}},"77":{"start":{"line":133,"column":4},"end":{"line":133,"column":60}},"78":{"start":{"line":133,"column":33},"end":{"line":133,"column":60}},"79":{"start":{"line":134,"column":4},"end":{"line":134,"column":36}},"80":{"start":{"line":137,"column":50},"end":{"line":137,"column":52}},"81":{"start":{"line":139,"column":2},"end":{"line":145,"column":5}},"82":{"start":{"line":140,"column":20},"end":{"line":140,"column":52}},"83":{"start":{"line":141,"column":23},"end":{"line":141,"column":71}},"84":{"start":{"line":143,"column":4},"end":{"line":143,"column":57}},"85":{"start":{"line":143,"column":31},"end":{"line":143,"column":57}},"86":{"start":{"line":144,"column":4},"end":{"line":144,"column":43}},"87":{"start":{"line":147,"column":2},"end":{"line":147,"column":18}},"88":{"start":{"line":152,"column":16},"end":{"line":152,"column":63}},"89":{"start":{"line":152,"column":44},"end":{"line":152,"column":59}},"90":{"start":{"line":153,"column":14},"end":{"line":153,"column":37}},"91":{"start":{"line":155,"column":49},"end":{"line":155,"column":51}},"92":{"start":{"line":156,"column":2},"end":{"line":158,"column":5}},"93":{"start":{"line":157,"column":4},"end":{"line":157,"column":73}},"94":{"start":{"line":160,"column":2},"end":{"line":160,"column":86}},"95":{"start":{"line":164,"column":2},"end":{"line":182,"column":5}},"96":{"start":{"line":165,"column":16},"end":{"line":165,"column":17}},"97":{"start":{"line":166,"column":20},"end":{"line":166,"column":54}},"98":{"start":{"line":168,"column":4},"end":{"line":179,"column":5}},"99":{"start":{"line":168,"column":17},"end":{"line":168,"column":18}},"100":{"start":{"line":169,"column":6},"end":{"line":169,"column":30}},"101":{"start":{"line":169,"column":21},"end":{"line":169,"column":30}},"102":{"start":{"line":170,"column":20},"end":{"line":170,"column":35}},"103":{"start":{"line":172,"column":26},"end":{"line":172,"column":91}},"104":{"start":{"line":173,"column":25},"end":{"line":173,"column":101}},"105":{"start":{"line":174,"column":23},"end":{"line":174,"column":98}},"106":{"start":{"line":176,"column":6},"end":{"line":178,"column":7}},"107":{"start":{"line":177,"column":8},"end":{"line":177,"column":21}},"108":{"start":{"line":181,"column":4},"end":{"line":181,"column":41}},"109":{"start":{"line":190,"column":32},"end":{"line":190,"column":34}},"110":{"start":{"line":191,"column":14},"end":{"line":191,"column":15}},"111":{"start":{"line":192,"column":20},"end":{"line":192,"column":22}},"112":{"start":{"line":194,"column":23},"end":{"line":210,"column":3}},"113":{"start":{"line":195,"column":16},"end":{"line":195,"column":64}},"114":{"start":{"line":196,"column":4},"end":{"line":201,"column":5}},"115":{"start":{"line":199,"column":25},"end":{"line":199,"column":59}},"116":{"start":{"line":200,"column":6},"end":{"line":200,"column":33}},"117":{"start":{"line":203,"column":4},"end":{"line":203,"column":28}},"118":{"start":{"line":205,"column":4},"end":{"line":209,"column":5}},"119":{"start":{"line":206,"column":6},"end":{"line":206,"column":40}},"120":{"start":{"line":208,"column":6},"end":{"line":208,"column":25}},"121":{"start":{"line":212,"column":2},"end":{"line":212,"column":17}}},"fnMap":{"0":{"name":"(anonymous_0)","decl":{"start":{"line":5,"column":38},"end":{"line":5,"column":39}},"loc":{"start":{"line":5,"column":70},"end":{"line":23,"column":1}}},"1":{"name":"calculateStringSimilarity","decl":{"start":{"line":25,"column":9},"end":{"line":25,"column":34}},"loc":{"start":{"line":25,"column":61},"end":{"line":41,"column":1}}},"2":{"name":"(anonymous_2)","decl":{"start":{"line":28,"column":58},"end":{"line":28,"column":61}},"loc":{"start":{"line":28,"column":64},"end":{"line":28,"column":91}}},"3":{"name":"generateTimeSeriesAnalysis","decl":{"start":{"line":43,"column":9},"end":{"line":43,"column":35}},"loc":{"start":{"line":43,"column":63},"end":{"line":65,"column":1}}},"4":{"name":"(anonymous_4)","decl":{"start":{"line":46,"column":23},"end":{"line":46,"column":24}},"loc":{"start":{"line":46,"column":49},"end":{"line":51,"column":3}}},"5":{"name":"(anonymous_5)","decl":{"start":{"line":54,"column":35},"end":{"line":54,"column":36}},"loc":{"start":{"line":54,"column":49},"end":{"line":58,"column":3}}},"6":{"name":"(anonymous_6)","decl":{"start":{"line":56,"column":38},"end":{"line":56,"column":39}},"loc":{"start":{"line":56,"column":50},"end":{"line":56,"column":70}}},"7":{"name":"(anonymous_7)","decl":{"start":{"line":61,"column":14},"end":{"line":61,"column":15}},"loc":{"start":{"line":61,"column":21},"end":{"line":61,"column":79}}},"8":{"name":"calculateMarketCorrelation","decl":{"start":{"line":67,"column":9},"end":{"line":67,"column":35}},"loc":{"start":{"line":67,"column":63},"end":{"line":90,"column":1}}},"9":{"name":"(anonymous_9)","decl":{"start":{"line":70,"column":23},"end":{"line":70,"column":24}},"loc":{"start":{"line":70,"column":48},"end":{"line":73,"column":3}}},"10":{"name":"(anonymous_10)","decl":{"start":{"line":92,"column":36},"end":{"line":92,"column":37}},"loc":{"start":{"line":92,"column":73},"end":{"line":108,"column":1}}},"11":{"name":"(anonymous_11)","decl":{"start":{"line":96,"column":36},"end":{"line":96,"column":37}},"loc":{"start":{"line":96,"column":46},"end":{"line":96,"column":51}}},"12":{"name":"(anonymous_12)","decl":{"start":{"line":97,"column":36},"end":{"line":97,"column":37}},"loc":{"start":{"line":97,"column":46},"end":{"line":97,"column":51}}},"13":{"name":"(anonymous_13)","decl":{"start":{"line":98,"column":37},"end":{"line":98,"column":38}},"loc":{"start":{"line":98,"column":53},"end":{"line":98,"column":68}}},"14":{"name":"(anonymous_14)","decl":{"start":{"line":99,"column":37},"end":{"line":99,"column":38}},"loc":{"start":{"line":99,"column":50},"end":{"line":99,"column":63}}},"15":{"name":"(anonymous_15)","decl":{"start":{"line":100,"column":37},"end":{"line":100,"column":38}},"loc":{"start":{"line":100,"column":50},"end":{"line":100,"column":63}}},"16":{"name":"performBehaviorClustering","decl":{"start":{"line":129,"column":9},"end":{"line":129,"column":34}},"loc":{"start":{"line":129,"column":62},"end":{"line":148,"column":1}}},"17":{"name":"(anonymous_17)","decl":{"start":{"line":132,"column":23},"end":{"line":132,"column":24}},"loc":{"start":{"line":132,"column":29},"end":{"line":135,"column":3}}},"18":{"name":"(anonymous_18)","decl":{"start":{"line":139,"column":18},"end":{"line":139,"column":19}},"loc":{"start":{"line":139,"column":40},"end":{"line":145,"column":3}}},"19":{"name":"analyzeSpendingPattern","decl":{"start":{"line":151,"column":9},"end":{"line":151,"column":31}},"loc":{"start":{"line":151,"column":55},"end":{"line":161,"column":1}}},"20":{"name":"(anonymous_20)","decl":{"start":{"line":152,"column":32},"end":{"line":152,"column":33}},"loc":{"start":{"line":152,"column":44},"end":{"line":152,"column":59}}},"21":{"name":"(anonymous_21)","decl":{"start":{"line":156,"column":19},"end":{"line":156,"column":20}},"loc":{"start":{"line":156,"column":25},"end":{"line":158,"column":3}}},"22":{"name":"calculateFraudScores","decl":{"start":{"line":163,"column":9},"end":{"line":163,"column":29}},"loc":{"start":{"line":163,"column":57},"end":{"line":183,"column":1}}},"23":{"name":"(anonymous_23)","decl":{"start":{"line":164,"column":26},"end":{"line":164,"column":27}},"loc":{"start":{"line":164,"column":39},"end":{"line":182,"column":3}}},"24":{"name":"calculateFraudScoresAsync","decl":{"start":{"line":185,"column":16},"end":{"line":185,"column":41}},"loc":{"start":{"line":188,"column":44},"end":{"line":213,"column":1}}},"25":{"name":"(anonymous_25)","decl":{"start":{"line":194,"column":23},"end":{"line":194,"column":26}},"loc":{"start":{"line":194,"column":28},"end":{"line":210,"column":3}}}},"branchMap":{"0":{"loc":{"start":{"line":26,"column":2},"end":{"line":26,"column":30}},"type":"if","locations":[{"start":{"line":26,"column":2},"end":{"line":26,"column":30}},{"start":{},"end":{}}]},"1":{"loc":{"start":{"line":35,"column":19},"end":{"line":35,"column":54}},"type":"cond-expr","locations":[{"start":{"line":35,"column":49},"end":{"line":35,"column":50}},{"start":{"line":35,"column":53},"end":{"line":35,"column":54}}]},"2":{"loc":{"start":{"line":48,"column":18},"end":{"line":48,"column":55}},"type":"binary-expr","locations":[{"start":{"line":48,"column":18},"end":{"line":48,"column":29}},{"start":{"line":48,"column":33},"end":{"line":48,"column":55}}]},"3":{"loc":{"start":{"line":71,"column":4},"end":{"line":71,"column":67}},"type":"if","locations":[{"start":{"line":71,"column":4},"end":{"line":71,"column":67}},{"start":{},"end":{}}]},"4":{"loc":{"start":{"line":83,"column":38},"end":{"line":85,"column":11}},"type":"cond-expr","locations":[{"start":{"line":84,"column":10},"end":{"line":84,"column":43}},{"start":{"line":85,"column":10},"end":{"line":85,"column":11}}]},"5":{"loc":{"start":{"line":83,"column":38},"end":{"line":83,"column":66}},"type":"binary-expr","locations":[{"start":{"line":83,"column":38},"end":{"line":83,"column":50}},{"start":{"line":83,"column":54},"end":{"line":83,"column":66}}]},"6":{"loc":{"start":{"line":94,"column":2},"end":{"line":94,"column":22}},"type":"if","locations":[{"start":{"line":94,"column":2},"end":{"line":94,"column":22}},{"start":{},"end":{}}]},"7":{"loc":{"start":{"line":107,"column":9},"end":{"line":107,"column":56}},"type":"cond-expr","locations":[{"start":{"line":107,"column":29},"end":{"line":107,"column":30}},{"start":{"line":107,"column":33},"end":{"line":107,"column":56}}]},"8":{"loc":{"start":{"line":133,"column":4},"end":{"line":133,"column":60}},"type":"if","locations":[{"start":{"line":133,"column":4},"end":{"line":133,"column":60}},{"start":{},"end":{}}]},"9":{"loc":{"start":{"line":143,"column":4},"end":{"line":143,"column":57}},"type":"if","locations":[{"start":{"line":143,"column":4},"end":{"line":143,"column":57}},{"start":{},"end":{}}]},"10":{"loc":{"start":{"line":157,"column":35},"end":{"line":157,"column":67}},"type":"binary-expr","locations":[{"start":{"line":157,"column":35},"end":{"line":157,"column":62}},{"start":{"line":157,"column":66},"end":{"line":157,"column":67}}]},"11":{"loc":{"start":{"line":169,"column":6},"end":{"line":169,"column":30}},"type":"if","locations":[{"start":{"line":169,"column":6},"end":{"line":169,"column":30}},{"start":{},"end":{}}]},"12":{"loc":{"start":{"line":176,"column":6},"end":{"line":178,"column":7}},"type":"if","locations":[{"start":{"line":176,"column":6},"end":{"line":178,"column":7}},{"start":{},"end":{}}]},"13":{"loc":{"start":{"line":176,"column":10},"end":{"line":176,"column":63}},"type":"binary-expr","locations":[{"start":{"line":176,"column":10},"end":{"line":176,"column":27}},{"start":{"line":176,"column":31},"end":{"line":176,"column":47}},{"start":{"line":176,"column":51},"end":{"line":176,"column":63}}]},"14":{"loc":{"start":{"line":205,"column":4},"end":{"line":209,"column":5}},"type":"if","locations":[{"start":{"line":205,"column":4},"end":{"line":209,"column":5}},{"start":{"line":207,"column":11},"end":{"line":209,"column":5}}]}},"s":{"0":1,"1":1,"2":1,"3":1,"4":1,"5":1,"6":1,"7":1,"8":1,"9":1,"10":6,"11":2,"12":4,"13":4,"14":4,"15":44,"16":4,"17":4,"18":44,"19":4,"20":4,"21":44,"22":4,"23":4,"24":40,"25":40,"26":396,"27":396,"28":4,"29":1,"30":1,"31":3,"32":3,"33":3,"34":3,"35":1,"36":1,"37":1,"38":1,"39":1,"40":1,"41":1,"42":1,"43":1,"44":1,"45":1,"46":3,"47":2,"48":3,"49":1,"50":1,"51":1,"52":2,"53":2,"54":4,"55":4,"56":4,"57":1,"58":1,"59":1,"60":1,"61":0,"62":1,"63":2,"64":1,"65":2,"66":1,"67":2,"68":1,"69":2,"70":1,"71":2,"72":1,"73":1,"74":1,"75":1,"76":1,"77":3,"78":2,"79":3,"80":1,"81":1,"82":2,"83":2,"84":2,"85":2,"86":2,"87":1,"88":2,"89":3,"90":2,"91":2,"92":2,"93":3,"94":2,"95":1,"96":3,"97":3,"98":3,"99":3,"100":9,"101":3,"102":6,"103":6,"104":6,"105":6,"106":6,"107":2,"108":3,"109":0,"110":0,"111":0,"112":0,"113":0,"114":0,"115":0,"116":0,"117":0,"118":0,"119":0,"120":0,"121":0},"f":{"0":1,"1":6,"2":44,"3":1,"4":3,"5":1,"6":1,"7":1,"8":1,"9":3,"10":1,"11":2,"12":2,"13":2,"14":2,"15":2,"16":1,"17":3,"18":2,"19":2,"20":3,"21":3,"22":1,"23":3,"24":0,"25":0},"b":{"0":[2,4],"1":[8,388],"2":[3,1],"3":[2,1],"4":[1,3],"5":[4,2],"6":[0,1],"7":[0,1],"8":[2,1],"9":[2,0],"10":[3,2],"11":[3,6],"12":[2,4],"13":[6,2,2],"14":[0,0]}}
,"C:\\Users\\USER\\Documents\\interview\\frontend-assessment\\src\\utils\\dataGenerator.ts": {"path":"C:\\Users\\USER\\Documents\\interview\\frontend-assessment\\src\\utils\\dataGenerator.ts","statementMap":{"0":{"start":{"line":133,"column":0},"end":{"line":133,"column":16}},"1":{"start":{"line":151,"column":0},"end":{"line":151,"column":16}},"2":{"start":{"line":167,"column":0},"end":{"line":167,"column":16}},"3":{"start":{"line":197,"column":0},"end":{"line":197,"column":16}},"4":{"start":{"line":202,"column":0},"end":{"line":202,"column":16}},"5":{"start":{"line":206,"column":0},"end":{"line":206,"column":16}},"6":{"start":{"line":213,"column":0},"end":{"line":213,"column":16}},"7":{"start":{"line":217,"column":0},"end":{"line":217,"column":16}},"8":{"start":{"line":222,"column":0},"end":{"line":222,"column":16}},"9":{"start":{"line":231,"column":0},"end":{"line":231,"column":16}},"10":{"start":{"line":8,"column":13},"end":{"line":24,"column":2}},"11":{"start":{"line":26,"column":13},"end":{"line":47,"column":2}},"12":{"start":{"line":49,"column":13},"end":{"line":60,"column":2}},"13":{"start":{"line":63,"column":13},"end":{"line":63,"column":56}},"14":{"start":{"line":66,"column":49},"end":{"line":66,"column":51}},"15":{"start":{"line":137,"column":2},"end":{"line":137,"column":64}},"16":{"start":{"line":137,"column":44},"end":{"line":137,"column":64}},"17":{"start":{"line":139,"column":16},"end":{"line":139,"column":40}},"18":{"start":{"line":140,"column":2},"end":{"line":148,"column":4}},"19":{"start":{"line":142,"column":6},"end":{"line":147,"column":56}},"20":{"start":{"line":152,"column":2},"end":{"line":164,"column":5}},"21":{"start":{"line":153,"column":24},"end":{"line":153,"column":95}},"22":{"start":{"line":154,"column":28},"end":{"line":154,"column":85}},"23":{"start":{"line":155,"column":26},"end":{"line":155,"column":105}},"24":{"start":{"line":156,"column":29},"end":{"line":158,"column":12}},"25":{"start":{"line":159,"column":31},"end":{"line":161,"column":12}},"26":{"start":{"line":163,"column":4},"end":{"line":163,"column":101}},"27":{"start":{"line":168,"column":18},"end":{"line":168,"column":19}},"28":{"start":{"line":171,"column":18},"end":{"line":177,"column":4}},"29":{"start":{"line":180,"column":18},"end":{"line":180,"column":45}},"30":{"start":{"line":181,"column":23},"end":{"line":181,"column":45}},"31":{"start":{"line":183,"column":2},"end":{"line":191,"column":3}},"32":{"start":{"line":183,"column":15},"end":{"line":183,"column":16}},"33":{"start":{"line":184,"column":4},"end":{"line":185,"column":77}},"34":{"start":{"line":188,"column":4},"end":{"line":190,"column":5}},"35":{"start":{"line":188,"column":17},"end":{"line":188,"column":22}},"36":{"start":{"line":189,"column":6},"end":{"line":189,"column":60}},"37":{"start":{"line":193,"column":2},"end":{"line":193,"column":29}},"38":{"start":{"line":198,"column":15},"end":{"line":198,"column":28}},"39":{"start":{"line":199,"column":2},"end":{"line":199,"column":70}},"40":{"start":{"line":203,"column":2},"end":{"line":203,"column":53}},"41":{"start":{"line":207,"column":18},"end":{"line":207,"column":88}},"42":{"start":{"line":208,"column":16},"end":{"line":208,"column":96}},"43":{"start":{"line":209,"column":2},"end":{"line":209,"column":55}},"44":{"start":{"line":214,"column":2},"end":{"line":214,"column":41}},"45":{"start":{"line":218,"column":2},"end":{"line":218,"column":28}},"46":{"start":{"line":223,"column":2},"end":{"line":228,"column":4}},"47":{"start":{"line":232,"column":18},"end":{"line":239,"column":4}},"48":{"start":{"line":241,"column":2},"end":{"line":246,"column":3}},"49":{"start":{"line":242,"column":4},"end":{"line":242,"column":36}},"50":{"start":{"line":243,"column":4},"end":{"line":243,"column":62}},"51":{"start":{"line":243,"column":29},"end":{"line":243,"column":62}},"52":{"start":{"line":244,"column":4},"end":{"line":244,"column":60}},"53":{"start":{"line":244,"column":28},"end":{"line":244,"column":60}},"54":{"start":{"line":245,"column":4},"end":{"line":245,"column":87}},"55":{"start":{"line":248,"column":2},"end":{"line":250,"column":8}},"56":{"start":{"line":252,"column":2},"end":{"line":252,"column":17}}},"fnMap":{"0":{"name":"searchTransactions","decl":{"start":{"line":133,"column":16},"end":{"line":133,"column":34}},"loc":{"start":{"line":135,"column":20},"end":{"line":149,"column":1}}},"1":{"name":"(anonymous_1)","decl":{"start":{"line":141,"column":4},"end":{"line":141,"column":5}},"loc":{"start":{"line":142,"column":6},"end":{"line":147,"column":56}}},"2":{"name":"filterTransactions","decl":{"start":{"line":151,"column":16},"end":{"line":151,"column":34}},"loc":{"start":{"line":151,"column":86},"end":{"line":165,"column":1}}},"3":{"name":"(anonymous_3)","decl":{"start":{"line":152,"column":29},"end":{"line":152,"column":30}},"loc":{"start":{"line":152,"column":35},"end":{"line":164,"column":3}}},"4":{"name":"calculateTransactionRisk","decl":{"start":{"line":167,"column":16},"end":{"line":167,"column":40}},"loc":{"start":{"line":167,"column":65},"end":{"line":194,"column":1}}},"5":{"name":"getStatus","decl":{"start":{"line":197,"column":16},"end":{"line":197,"column":25}},"loc":{"start":{"line":197,"column":25},"end":{"line":200,"column":1}}},"6":{"name":"getRandom","decl":{"start":{"line":202,"column":16},"end":{"line":202,"column":25}},"loc":{"start":{"line":202,"column":37},"end":{"line":204,"column":1}}},"7":{"name":"generateRandomDescription","decl":{"start":{"line":206,"column":16},"end":{"line":206,"column":41}},"loc":{"start":{"line":206,"column":41},"end":{"line":210,"column":1}}},"8":{"name":"startDataRefresh","decl":{"start":{"line":213,"column":16},"end":{"line":213,"column":32}},"loc":{"start":{"line":213,"column":71},"end":{"line":215,"column":1}}},"9":{"name":"stopDataRefresh","decl":{"start":{"line":217,"column":16},"end":{"line":217,"column":31}},"loc":{"start":{"line":217,"column":47},"end":{"line":219,"column":1}}},"10":{"name":"getGlobalAnalytics","decl":{"start":{"line":222,"column":16},"end":{"line":222,"column":34}},"loc":{"start":{"line":222,"column":34},"end":{"line":229,"column":1}}},"11":{"name":"calculateSummary","decl":{"start":{"line":231,"column":16},"end":{"line":231,"column":32}},"loc":{"start":{"line":231,"column":60},"end":{"line":253,"column":1}}}},"branchMap":{"0":{"loc":{"start":{"line":137,"column":2},"end":{"line":137,"column":64}},"type":"if","locations":[{"start":{"line":137,"column":2},"end":{"line":137,"column":64}},{"start":{},"end":{}}]},"1":{"loc":{"start":{"line":137,"column":6},"end":{"line":137,"column":42}},"type":"binary-expr","locations":[{"start":{"line":137,"column":6},"end":{"line":137,"column":17}},{"start":{"line":137,"column":21},"end":{"line":137,"column":42}}]},"2":{"loc":{"start":{"line":142,"column":6},"end":{"line":147,"column":56}},"type":"binary-expr","locations":[{"start":{"line":142,"column":6},"end":{"line":142,"column":60}},{"start":{"line":143,"column":6},"end":{"line":143,"column":59}},{"start":{"line":144,"column":6},"end":{"line":144,"column":56}},{"start":{"line":145,"column":6},"end":{"line":145,"column":47}},{"start":{"line":146,"column":6},"end":{"line":146,"column":51}},{"start":{"line":147,"column":6},"end":{"line":147,"column":56}}]},"3":{"loc":{"start":{"line":153,"column":24},"end":{"line":153,"column":95}},"type":"cond-expr","locations":[{"start":{"line":153,"column":65},"end":{"line":153,"column":88}},{"start":{"line":153,"column":91},"end":{"line":153,"column":95}}]},"4":{"loc":{"start":{"line":153,"column":24},"end":{"line":153,"column":62}},"type":"binary-expr","locations":[{"start":{"line":153,"column":24},"end":{"line":153,"column":36}},{"start":{"line":153,"column":40},"end":{"line":153,"column":62}}]},"5":{"loc":{"start":{"line":154,"column":28},"end":{"line":154,"column":85}},"type":"cond-expr","locations":[{"start":{"line":154,"column":47},"end":{"line":154,"column":78}},{"start":{"line":154,"column":81},"end":{"line":154,"column":85}}]},"6":{"loc":{"start":{"line":155,"column":26},"end":{"line":155,"column":105}},"type":"cond-expr","locations":[{"start":{"line":155,"column":71},"end":{"line":155,"column":98}},{"start":{"line":155,"column":101},"end":{"line":155,"column":105}}]},"7":{"loc":{"start":{"line":155,"column":26},"end":{"line":155,"column":68}},"type":"binary-expr","locations":[{"start":{"line":155,"column":26},"end":{"line":155,"column":40}},{"start":{"line":155,"column":44},"end":{"line":155,"column":68}}]},"8":{"loc":{"start":{"line":156,"column":29},"end":{"line":158,"column":12}},"type":"cond-expr","locations":[{"start":{"line":157,"column":8},"end":{"line":157,"column":86}},{"start":{"line":158,"column":8},"end":{"line":158,"column":12}}]},"9":{"loc":{"start":{"line":157,"column":8},"end":{"line":157,"column":86}},"type":"binary-expr","locations":[{"start":{"line":157,"column":8},"end":{"line":157,"column":46}},{"start":{"line":157,"column":50},"end":{"line":157,"column":86}}]},"10":{"loc":{"start":{"line":159,"column":31},"end":{"line":161,"column":12}},"type":"cond-expr","locations":[{"start":{"line":160,"column":8},"end":{"line":160,"column":82}},{"start":{"line":161,"column":8},"end":{"line":161,"column":12}}]},"11":{"loc":{"start":{"line":160,"column":8},"end":{"line":160,"column":82}},"type":"binary-expr","locations":[{"start":{"line":160,"column":8},"end":{"line":160,"column":43}},{"start":{"line":160,"column":47},"end":{"line":160,"column":82}}]},"12":{"loc":{"start":{"line":163,"column":11},"end":{"line":163,"column":100}},"type":"binary-expr","locations":[{"start":{"line":163,"column":11},"end":{"line":163,"column":22}},{"start":{"line":163,"column":26},"end":{"line":163,"column":41}},{"start":{"line":163,"column":45},"end":{"line":163,"column":58}},{"start":{"line":163,"column":62},"end":{"line":163,"column":78}},{"start":{"line":163,"column":82},"end":{"line":163,"column":100}}]},"13":{"loc":{"start":{"line":199,"column":9},"end":{"line":199,"column":69}},"type":"cond-expr","locations":[{"start":{"line":199,"column":22},"end":{"line":199,"column":33}},{"start":{"line":199,"column":36},"end":{"line":199,"column":69}}]},"14":{"loc":{"start":{"line":199,"column":36},"end":{"line":199,"column":69}},"type":"cond-expr","locations":[{"start":{"line":199,"column":49},"end":{"line":199,"column":58}},{"start":{"line":199,"column":61},"end":{"line":199,"column":69}}]},"15":{"loc":{"start":{"line":213,"column":55},"end":{"line":213,"column":71}},"type":"default-arg","locations":[{"start":{"line":213,"column":66},"end":{"line":213,"column":71}}]},"16":{"loc":{"start":{"line":226,"column":23},"end":{"line":226,"column":100}},"type":"binary-expr","locations":[{"start":{"line":226,"column":23},"end":{"line":226,"column":92}},{"start":{"line":226,"column":96},"end":{"line":226,"column":100}}]},"17":{"loc":{"start":{"line":227,"column":23},"end":{"line":227,"column":67}},"type":"binary-expr","locations":[{"start":{"line":227,"column":23},"end":{"line":227,"column":59}},{"start":{"line":227,"column":63},"end":{"line":227,"column":67}}]},"18":{"loc":{"start":{"line":243,"column":4},"end":{"line":243,"column":62}},"type":"if","locations":[{"start":{"line":243,"column":4},"end":{"line":243,"column":62}},{"start":{},"end":{}}]},"19":{"loc":{"start":{"line":244,"column":4},"end":{"line":244,"column":60}},"type":"if","locations":[{"start":{"line":244,"column":4},"end":{"line":244,"column":60}},{"start":{},"end":{}}]},"20":{"loc":{"start":{"line":245,"column":42},"end":{"line":245,"column":81}},"type":"binary-expr","locations":[{"start":{"line":245,"column":42},"end":{"line":245,"column":76}},{"start":{"line":245,"column":80},"end":{"line":245,"column":81}}]},"21":{"loc":{"start":{"line":248,"column":33},"end":{"line":250,"column":7}},"type":"cond-expr","locations":[{"start":{"line":249,"column":6},"end":{"line":249,"column":53}},{"start":{"line":250,"column":6},"end":{"line":250,"column":7}}]}},"s":{"0":1,"1":1,"2":1,"3":1,"4":1,"5":1,"6":1,"7":1,"8":1,"9":1,"10":1,"11":1,"12":1,"13":1,"14":1,"15":1,"16":0,"17":1,"18":1,"19":1,"20":1,"21":1,"22":1,"23":1,"24":1,"25":1,"26":1,"27":0,"28":0,"29":0,"30":0,"31":0,"32":0,"33":0,"34":0,"35":0,"36":0,"37":0,"38":0,"39":0,"40":0,"41":0,"42":0,"43":0,"44":1,"45":1,"46":1,"47":1,"48":1,"49":1,"50":1,"51":1,"52":1,"53":0,"54":1,"55":1,"56":1},"f":{"0":1,"1":1,"2":1,"3":1,"4":0,"5":0,"6":0,"7":0,"8":1,"9":1,"10":1,"11":1},"b":{"0":[0,1],"1":[1,1],"2":[1,0,0,0,0,0],"3":[1,0],"4":[1,1],"5":[1,0],"6":[0,1],"7":[1,0],"8":[0,1],"9":[0,0],"10":[0,1],"11":[0,0],"12":[1,1,1,1,1],"13":[0,0],"14":[0,0],"15":[1],"16":[1,1],"17":[1,1],"18":[1,0],"19":[0,1],"20":[1,1],"21":[1,0]}}
,"C:\\Users\\USER\\Documents\\interview\\frontend-assessment\\src\\utils\\riskUtils.ts": {"path":"C:\\Users\\USER\\Documents\\interview\\frontend-assessment\\src\\utils\\riskUtils.ts","statementMap":{"0":{"start":{"line":4,"column":36},"end":{"line":15,"column":1}},"1":{"start":{"line":5,"column":2},"end":{"line":7,"column":3}},"2":{"start":{"line":6,"column":4},"end":{"line":6,"column":69}},"3":{"start":{"line":9,"column":26},"end":{"line":9,"column":86}},"4":{"start":{"line":9,"column":42},"end":{"line":9,"column":85}},"5":{"start":{"line":10,"column":23},"end":{"line":10,"column":61}},"6":{"start":{"line":11,"column":21},"end":{"line":11,"column":59}},"7":{"start":{"line":12,"column":19},"end":{"line":12,"column":78}},"8":{"start":{"line":14,"column":2},"end":{"line":14,"column":46}},"9":{"start":{"line":4,"column":13},"end":{"line":4,"column":36}},"10":{"start":{"line":17,"column":42},"end":{"line":35,"column":1}},"11":{"start":{"line":18,"column":2},"end":{"line":20,"column":3}},"12":{"start":{"line":19,"column":4},"end":{"line":19,"column":92}},"13":{"start":{"line":22,"column":18},"end":{"line":23,"column":null}},"14":{"start":{"line":23,"column":9},"end":{"line":23,"column":102}},"15":{"start":{"line":25,"column":19},"end":{"line":27,"column":null}},"16":{"start":{"line":26,"column":9},"end":{"line":27,"column":106}},"17":{"start":{"line":30,"column":14},"end":{"line":30,"column":15}},"18":{"start":{"line":31,"column":2},"end":{"line":31,"column":39}},"19":{"start":{"line":31,"column":26},"end":{"line":31,"column":39}},"20":{"start":{"line":32,"column":2},"end":{"line":32,"column":40}},"21":{"start":{"line":32,"column":27},"end":{"line":32,"column":40}},"22":{"start":{"line":34,"column":2},"end":{"line":34,"column":15}},"23":{"start":{"line":17,"column":13},"end":{"line":17,"column":42}},"24":{"start":{"line":37,"column":31},"end":{"line":53,"column":1}},"25":{"start":{"line":38,"column":2},"end":{"line":40,"column":3}},"26":{"start":{"line":39,"column":4},"end":{"line":39,"column":66}},"27":{"start":{"line":42,"column":17},"end":{"line":42,"column":65}},"28":{"start":{"line":42,"column":33},"end":{"line":42,"column":64}},"29":{"start":{"line":43,"column":2},"end":{"line":45,"column":3}},"30":{"start":{"line":44,"column":4},"end":{"line":44,"column":54}},"31":{"start":{"line":46,"column":20},"end":{"line":46,"column":81}},"32":{"start":{"line":46,"column":46},"end":{"line":46,"column":61}},"33":{"start":{"line":48,"column":20},"end":{"line":48,"column":73}},"34":{"start":{"line":49,"column":26},"end":{"line":50,"column":79}},"35":{"start":{"line":50,"column":33},"end":{"line":50,"column":68}},"36":{"start":{"line":52,"column":2},"end":{"line":52,"column":56}},"37":{"start":{"line":37,"column":13},"end":{"line":37,"column":31}}},"fnMap":{"0":{"name":"(anonymous_0)","decl":{"start":{"line":4,"column":36},"end":{"line":4,"column":37}},"loc":{"start":{"line":4,"column":85},"end":{"line":15,"column":1}}},"1":{"name":"(anonymous_1)","decl":{"start":{"line":9,"column":37},"end":{"line":9,"column":38}},"loc":{"start":{"line":9,"column":42},"end":{"line":9,"column":85}}},"2":{"name":"(anonymous_2)","decl":{"start":{"line":17,"column":42},"end":{"line":17,"column":43}},"loc":{"start":{"line":17,"column":91},"end":{"line":35,"column":1}}},"3":{"name":"(anonymous_3)","decl":{"start":{"line":23,"column":4},"end":{"line":23,"column":5}},"loc":{"start":{"line":23,"column":9},"end":{"line":23,"column":102}}},"4":{"name":"(anonymous_4)","decl":{"start":{"line":26,"column":4},"end":{"line":26,"column":5}},"loc":{"start":{"line":26,"column":9},"end":{"line":27,"column":106}}},"5":{"name":"(anonymous_5)","decl":{"start":{"line":37,"column":31},"end":{"line":37,"column":32}},"loc":{"start":{"line":37,"column":80},"end":{"line":53,"column":1}}},"6":{"name":"(anonymous_6)","decl":{"start":{"line":42,"column":28},"end":{"line":42,"column":29}},"loc":{"start":{"line":42,"column":33},"end":{"line":42,"column":64}}},"7":{"name":"(anonymous_7)","decl":{"start":{"line":46,"column":34},"end":{"line":46,"column":35}},"loc":{"start":{"line":46,"column":46},"end":{"line":46,"column":61}}},"8":{"name":"(anonymous_8)","decl":{"start":{"line":50,"column":28},"end":{"line":50,"column":29}},"loc":{"start":{"line":50,"column":33},"end":{"line":50,"column":68}}}},"branchMap":{"0":{"loc":{"start":{"line":5,"column":2},"end":{"line":7,"column":3}},"type":"if","locations":[{"start":{"line":5,"column":2},"end":{"line":7,"column":3}},{"start":{},"end":{}}]},"1":{"loc":{"start":{"line":5,"column":6},"end":{"line":5,"column":53}},"type":"binary-expr","locations":[{"start":{"line":5,"column":6},"end":{"line":5,"column":26}},{"start":{"line":5,"column":30},"end":{"line":5,"column":53}}]},"2":{"loc":{"start":{"line":10,"column":23},"end":{"line":10,"column":61}},"type":"cond-expr","locations":[{"start":{"line":10,"column":52},"end":{"line":10,"column":55}},{"start":{"line":10,"column":58},"end":{"line":10,"column":61}}]},"3":{"loc":{"start":{"line":11,"column":21},"end":{"line":11,"column":59}},"type":"cond-expr","locations":[{"start":{"line":11,"column":50},"end":{"line":11,"column":53}},{"start":{"line":11,"column":56},"end":{"line":11,"column":59}}]},"4":{"loc":{"start":{"line":12,"column":19},"end":{"line":12,"column":78}},"type":"cond-expr","locations":[{"start":{"line":12,"column":69},"end":{"line":12,"column":72}},{"start":{"line":12,"column":75},"end":{"line":12,"column":78}}]},"5":{"loc":{"start":{"line":18,"column":2},"end":{"line":20,"column":3}},"type":"if","locations":[{"start":{"line":18,"column":2},"end":{"line":20,"column":3}},{"start":{},"end":{}}]},"6":{"loc":{"start":{"line":18,"column":6},"end":{"line":18,"column":107}},"type":"binary-expr","locations":[{"start":{"line":18,"column":6},"end":{"line":18,"column":32}},{"start":{"line":18,"column":36},"end":{"line":18,"column":56}},{"start":{"line":18,"column":60},"end":{"line":18,"column":83}},{"start":{"line":18,"column":87},"end":{"line":18,"column":107}}]},"7":{"loc":{"start":{"line":23,"column":9},"end":{"line":23,"column":102}},"type":"binary-expr","locations":[{"start":{"line":23,"column":9},"end":{"line":23,"column":52}},{"start":{"line":23,"column":56},"end":{"line":23,"column":102}}]},"8":{"loc":{"start":{"line":26,"column":9},"end":{"line":27,"column":106}},"type":"binary-expr","locations":[{"start":{"line":26,"column":9},"end":{"line":26,"column":40}},{"start":{"line":27,"column":9},"end":{"line":27,"column":106}}]},"9":{"loc":{"start":{"line":31,"column":2},"end":{"line":31,"column":39}},"type":"if","locations":[{"start":{"line":31,"column":2},"end":{"line":31,"column":39}},{"start":{},"end":{}}]},"10":{"loc":{"start":{"line":32,"column":2},"end":{"line":32,"column":40}},"type":"if","locations":[{"start":{"line":32,"column":2},"end":{"line":32,"column":40}},{"start":{},"end":{}}]},"11":{"loc":{"start":{"line":38,"column":2},"end":{"line":40,"column":3}},"type":"if","locations":[{"start":{"line":38,"column":2},"end":{"line":40,"column":3}},{"start":{},"end":{}}]},"12":{"loc":{"start":{"line":38,"column":6},"end":{"line":38,"column":50}},"type":"binary-expr","locations":[{"start":{"line":38,"column":6},"end":{"line":38,"column":26}},{"start":{"line":38,"column":30},"end":{"line":38,"column":50}}]},"13":{"loc":{"start":{"line":43,"column":2},"end":{"line":45,"column":3}},"type":"if","locations":[{"start":{"line":43,"column":2},"end":{"line":45,"column":3}},{"start":{},"end":{}}]},"14":{"loc":{"start":{"line":49,"column":26},"end":{"line":50,"column":79}},"type":"cond-expr","locations":[{"start":{"line":50,"column":72},"end":{"line":50,"column":75}},{"start":{"line":50,"column":78},"end":{"line":50,"column":79}}]},"15":{"loc":{"start":{"line":49,"column":26},"end":{"line":50,"column":69}},"type":"binary-expr","locations":[{"start":{"line":49,"column":26},"end":{"line":49,"column":46}},{"start":{"line":50,"column":4},"end":{"line":50,"column":69}}]}},"s":{"0":1,"1":4,"2":1,"3":3,"4":10,"5":3,"6":3,"7":3,"8":3,"9":1,"10":1,"11":4,"12":1,"13":3,"14":13,"15":3,"16":13,"17":3,"18":3,"19":1,"20":3,"21":1,"22":3,"23":1,"24":1,"25":5,"26":1,"27":4,"28":12,"29":4,"30":1,"31":3,"32":9,"33":3,"34":3,"35":4,"36":3,"37":1},"f":{"0":4,"1":10,"2":4,"3":13,"4":13,"5":5,"6":12,"7":9,"8":4},"b":{"0":[1,3],"1":[4,3],"2":[2,1],"3":[2,1],"4":[2,1],"5":[1,3],"6":[4,3,3,3],"7":[13,9],"8":[13,9],"9":[1,2],"10":[1,2],"11":[1,4],"12":[5,4],"13":[1,3],"14":[1,2],"15":[3,2]}}
,"C:\\Users\\USER\\Documents\\interview\\frontend-assessment\\src\\utils\\worker\\index.ts": {"path":"C:\\Users\\USER\\Documents\\interview\\frontend-assessment\\src\\utils\\worker\\index.ts","statementMap":{"0":{"start":{"line":4,"column":0},"end":{"line":4,"column":16}},"1":{"start":{"line":2,"column":0},"end":{"line":2,"column":51}},"2":{"start":{"line":20,"column":19},"end":{"line":20,"column":31}},"3":{"start":{"line":22,"column":4},"end":{"line":22,"column":44}},"4":{"start":{"line":24,"column":26},"end":{"line":34,"column":5}},"5":{"start":{"line":25,"column":39},"end":{"line":25,"column":45}},"6":{"start":{"line":27,"column":6},"end":{"line":33,"column":7}},"7":{"start":{"line":28,"column":8},"end":{"line":28,"column":22}},"8":{"start":{"line":29,"column":8},"end":{"line":29,"column":29}},"9":{"start":{"line":30,"column":13},"end":{"line":33,"column":7}},"10":{"start":{"line":31,"column":8},"end":{"line":31,"column":17}},"11":{"start":{"line":32,"column":8},"end":{"line":32,"column":27}},"12":{"start":{"line":36,"column":4},"end":{"line":36,"column":54}},"13":{"start":{"line":38,"column":4},"end":{"line":42,"column":5}},"14":{"start":{"line":39,"column":6},"end":{"line":41,"column":9}},"15":{"start":{"line":40,"column":8},"end":{"line":40,"column":27}}},"fnMap":{"0":{"name":"generateTransactionData","decl":{"start":{"line":4,"column":16},"end":{"line":4,"column":39}},"loc":{"start":{"line":18,"column":1},"end":{"line":44,"column":1}}},"1":{"name":"(anonymous_2)","decl":{"start":{"line":24,"column":26},"end":{"line":24,"column":27}},"loc":{"start":{"line":24,"column":46},"end":{"line":34,"column":5}}},"2":{"name":"(anonymous_3)","decl":{"start":{"line":39,"column":39},"end":{"line":39,"column":42}},"loc":{"start":{"line":39,"column":44},"end":{"line":41,"column":7}}}},"branchMap":{"0":{"loc":{"start":{"line":6,"column":2},"end":{"line":6,"column":18}},"type":"default-arg","locations":[{"start":{"line":6,"column":14},"end":{"line":6,"column":18}}]},"1":{"loc":{"start":{"line":27,"column":6},"end":{"line":33,"column":7}},"type":"if","locations":[{"start":{"line":27,"column":6},"end":{"line":33,"column":7}},{"start":{"line":30,"column":13},"end":{"line":33,"column":7}}]},"2":{"loc":{"start":{"line":30,"column":13},"end":{"line":33,"column":7}},"type":"if","locations":[{"start":{"line":30,"column":13},"end":{"line":33,"column":7}},{"start":{},"end":{}}]},"3":{"loc":{"start":{"line":38,"column":4},"end":{"line":42,"column":5}},"type":"if","locations":[{"start":{"line":38,"column":4},"end":{"line":42,"column":5}},{"start":{},"end":{}}]}},"s":{"0":1,"1":1,"2":7,"3":7,"4":7,"5":14,"6":14,"7":7,"8":7,"9":7,"10":7,"11":7,"12":7,"13":7,"14":0,"15":0},"f":{"0":7,"1":14,"2":0},"b":{"0":[7],"1":[7,7],"2":[7,0],"3":[0,7]}}
}
