{"C:\\Users\\USER\\Documents\\interview\\frontend-assessment\\src\\components\\SearchBar.tsx": {"path":"C:\\Users\\USER\\Documents\\interview\\frontend-assessment\\src\\components\\SearchBar.tsx","statementMap":{"0":{"start":{"line":3,"column":0},"end":{"line":3,"column":72}},"1":{"start":{"line":4,"column":0},"end":{"line":4,"column":41}},"2":{"start":{"line":5,"column":0},"end":{"line":5,"column":49}},"3":{"start":{"line":12,"column":51},"end":{"line":310,"column":1}},"4":{"start":{"line":18,"column":38},"end":{"line":18,"column":50}},"5":{"start":{"line":19,"column":40},"end":{"line":19,"column":55}},"6":{"start":{"line":20,"column":44},"end":{"line":22,"column":4}},"7":{"start":{"line":21,"column":4},"end":{"line":21,"column":69}},"8":{"start":{"line":23,"column":40},"end":{"line":23,"column":62}},"9":{"start":{"line":24,"column":52},"end":{"line":24,"column":72}},"10":{"start":{"line":25,"column":38},"end":{"line":25,"column":53}},"11":{"start":{"line":27,"column":19},"end":{"line":27,"column":49}},"12":{"start":{"line":28,"column":18},"end":{"line":28,"column":46}},"13":{"start":{"line":30,"column":32},"end":{"line":46,"column":3}},"14":{"start":{"line":31,"column":21},"end":{"line":31,"column":23}},"15":{"start":{"line":32,"column":4},"end":{"line":36,"column":5}},"16":{"start":{"line":32,"column":17},"end":{"line":32,"column":18}},"17":{"start":{"line":33,"column":6},"end":{"line":35,"column":7}},"18":{"start":{"line":33,"column":19},"end":{"line":33,"column":24}},"19":{"start":{"line":34,"column":8},"end":{"line":34,"column":44}},"20":{"start":{"line":38,"column":27},"end":{"line":38,"column":44}},"21":{"start":{"line":39,"column":18},"end":{"line":39,"column":51}},"22":{"start":{"line":41,"column":4},"end":{"line":45,"column":6}},"23":{"start":{"line":49,"column":2},"end":{"line":51,"column":22}},"24":{"start":{"line":50,"column":4},"end":{"line":50,"column":53}},"25":{"start":{"line":63,"column":2},"end":{"line":72,"column":34}},"26":{"start":{"line":64,"column":4},"end":{"line":69,"column":5}},"27":{"start":{"line":65,"column":6},"end":{"line":68,"column":9}},"28":{"start":{"line":66,"column":8},"end":{"line":66,"column":41}},"29":{"start":{"line":66,"column":30},"end":{"line":66,"column":41}},"30":{"start":{"line":67,"column":8},"end":{"line":67,"column":75}},"31":{"start":{"line":67,"column":53},"end":{"line":67,"column":72}},"32":{"start":{"line":71,"column":4},"end":{"line":71,"column":71}},"33":{"start":{"line":74,"column":34},"end":{"line":90,"column":3}},"34":{"start":{"line":75,"column":16},"end":{"line":75,"column":17}},"35":{"start":{"line":76,"column":22},"end":{"line":76,"column":40}},"36":{"start":{"line":77,"column":22},"end":{"line":77,"column":40}},"37":{"start":{"line":79,"column":4},"end":{"line":79,"column":46}},"38":{"start":{"line":79,"column":33},"end":{"line":79,"column":46}},"39":{"start":{"line":80,"column":4},"end":{"line":80,"column":53}},"40":{"start":{"line":80,"column":41},"end":{"line":80,"column":53}},"41":{"start":{"line":81,"column":4},"end":{"line":81,"column":51}},"42":{"start":{"line":81,"column":39},"end":{"line":81,"column":51}},"43":{"start":{"line":83,"column":4},"end":{"line":87,"column":5}},"44":{"start":{"line":83,"column":17},"end":{"line":83,"column":18}},"45":{"start":{"line":84,"column":6},"end":{"line":86,"column":7}},"46":{"start":{"line":85,"column":8},"end":{"line":85,"column":20}},"47":{"start":{"line":89,"column":4},"end":{"line":89,"column":17}},"48":{"start":{"line":92,"column":30},"end":{"line":112,"column":8}},"49":{"start":{"line":93,"column":24},"end":{"line":97,"column":6}},"50":{"start":{"line":99,"column":21},"end":{"line":100,"column":null}},"51":{"start":{"line":100,"column":6},"end":{"line":100,"column":53}},"52":{"start":{"line":103,"column":19},"end":{"line":107,"column":6}},"53":{"start":{"line":104,"column":21},"end":{"line":104,"column":53}},"54":{"start":{"line":105,"column":21},"end":{"line":105,"column":53}},"55":{"start":{"line":106,"column":6},"end":{"line":106,"column":29}},"56":{"start":{"line":109,"column":19},"end":{"line":109,"column":37}},"57":{"start":{"line":110,"column":4},"end":{"line":110,"column":27}},"58":{"start":{"line":111,"column":4},"end":{"line":111,"column":18}},"59":{"start":{"line":114,"column":28},"end":{"line":150,"column":3}},"60":{"start":{"line":115,"column":18},"end":{"line":115,"column":55}},"61":{"start":{"line":116,"column":4},"end":{"line":116,"column":25}},"62":{"start":{"line":117,"column":4},"end":{"line":117,"column":25}},"63":{"start":{"line":118,"column":4},"end":{"line":118,"column":20}},"64":{"start":{"line":120,"column":4},"end":{"line":128,"column":5}},"65":{"start":{"line":121,"column":24},"end":{"line":121,"column":52}},"66":{"start":{"line":122,"column":6},"end":{"line":122,"column":50}},"67":{"start":{"line":123,"column":29},"end":{"line":123,"column":55}},"68":{"start":{"line":124,"column":6},"end":{"line":124,"column":47}},"69":{"start":{"line":126,"column":6},"end":{"line":126,"column":25}},"70":{"start":{"line":127,"column":6},"end":{"line":127,"column":68}},"71":{"start":{"line":129,"column":4},"end":{"line":129,"column":26}},"72":{"start":{"line":132,"column":4},"end":{"line":147,"column":5}},"73":{"start":{"line":133,"column":26},"end":{"line":133,"column":27}},"74":{"start":{"line":134,"column":29},"end":{"line":134,"column":78}},"75":{"start":{"line":134,"column":59},"end":{"line":134,"column":77}},"76":{"start":{"line":137,"column":6},"end":{"line":141,"column":7}},"77":{"start":{"line":137,"column":19},"end":{"line":137,"column":20}},"78":{"start":{"line":138,"column":8},"end":{"line":138,"column":65}},"79":{"start":{"line":140,"column":8},"end":{"line":140,"column":53}},"80":{"start":{"line":144,"column":6},"end":{"line":146,"column":7}},"81":{"start":{"line":145,"column":8},"end":{"line":145,"column":79}},"82":{"start":{"line":149,"column":4},"end":{"line":149,"column":29}},"83":{"start":{"line":152,"column":22},"end":{"line":159,"column":3}},"84":{"start":{"line":153,"column":4},"end":{"line":153,"column":22}},"85":{"start":{"line":154,"column":4},"end":{"line":154,"column":23}},"86":{"start":{"line":155,"column":4},"end":{"line":155,"column":29}},"87":{"start":{"line":156,"column":4},"end":{"line":156,"column":44}},"88":{"start":{"line":157,"column":4},"end":{"line":157,"column":17}},"89":{"start":{"line":158,"column":4},"end":{"line":158,"column":30}},"90":{"start":{"line":168,"column":32},"end":{"line":175,"column":3}},"91":{"start":{"line":169,"column":4},"end":{"line":169,"column":30}},"92":{"start":{"line":170,"column":4},"end":{"line":170,"column":23}},"93":{"start":{"line":171,"column":4},"end":{"line":171,"column":29}},"94":{"start":{"line":172,"column":4},"end":{"line":172,"column":25}},"95":{"start":{"line":173,"column":4},"end":{"line":173,"column":25}},"96":{"start":{"line":174,"column":4},"end":{"line":174,"column":30}},"97":{"start":{"line":178,"column":24},"end":{"line":199,"column":3}},"98":{"start":{"line":179,"column":5},"end":{"line":179,"column":29}},"99":{"start":{"line":179,"column":22},"end":{"line":179,"column":29}},"100":{"start":{"line":181,"column":18},"end":{"line":181,"column":81}},"101":{"start":{"line":182,"column":4},"end":{"line":182,"column":30}},"102":{"start":{"line":182,"column":23},"end":{"line":182,"column":30}},"103":{"start":{"line":184,"column":4},"end":{"line":198,"column":5}},"104":{"start":{"line":185,"column":6},"end":{"line":185,"column":25}},"105":{"start":{"line":186,"column":6},"end":{"line":186,"column":75}},"106":{"start":{"line":186,"column":37},"end":{"line":186,"column":73}},"107":{"start":{"line":187,"column":11},"end":{"line":198,"column":5}},"108":{"start":{"line":188,"column":6},"end":{"line":188,"column":25}},"109":{"start":{"line":189,"column":6},"end":{"line":189,"column":61}},"110":{"start":{"line":189,"column":37},"end":{"line":189,"column":59}},"111":{"start":{"line":190,"column":11},"end":{"line":198,"column":5}},"112":{"start":{"line":191,"column":6},"end":{"line":191,"column":25}},"113":{"start":{"line":192,"column":6},"end":{"line":192,"column":54}},"114":{"start":{"line":193,"column":11},"end":{"line":198,"column":5}},"115":{"start":{"line":194,"column":6},"end":{"line":194,"column":25}},"116":{"start":{"line":195,"column":6},"end":{"line":195,"column":31}},"117":{"start":{"line":196,"column":6},"end":{"line":196,"column":27}},"118":{"start":{"line":197,"column":6},"end":{"line":197,"column":32}},"119":{"start":{"line":210,"column":2},"end":{"line":212,"column":9}},"120":{"start":{"line":211,"column":4},"end":{"line":211,"column":30}},"121":{"start":{"line":215,"column":2},"end":{"line":224,"column":38}},"122":{"start":{"line":216,"column":4},"end":{"line":223,"column":5}},"123":{"start":{"line":217,"column":28},"end":{"line":218,"column":null}},"124":{"start":{"line":220,"column":6},"end":{"line":222,"column":7}},"125":{"start":{"line":221,"column":8},"end":{"line":221,"column":79}},"126":{"start":{"line":226,"column":2},"end":{"line":309,"column":4}},"127":{"start":{"line":265,"column":14},"end":{"line":266,"column":null}},"128":{"start":{"line":269,"column":31},"end":{"line":269,"column":64}},"129":{"start":{"line":270,"column":36},"end":{"line":270,"column":63}},"130":{"start":{"line":278,"column":20},"end":{"line":281,"column":null}},"131":{"start":{"line":291,"column":16},"end":{"line":292,"column":null}},"132":{"start":{"line":295,"column":33},"end":{"line":295,"column":60}},"133":{"start":{"line":296,"column":38},"end":{"line":296,"column":65}},"134":{"start":{"line":12,"column":13},"end":{"line":12,"column":51}}},"fnMap":{"0":{"name":"(anonymous_10)","decl":{"start":{"line":12,"column":51},"end":{"line":12,"column":null}},"loc":{"start":{"line":17,"column":4},"end":{"line":310,"column":1}}},"1":{"name":"(anonymous_11)","decl":{"start":{"line":20,"column":63},"end":{"line":20,"column":66}},"loc":{"start":{"line":20,"column":68},"end":{"line":22,"column":3}}},"2":{"name":"(anonymous_12)","decl":{"start":{"line":30,"column":32},"end":{"line":30,"column":33}},"loc":{"start":{"line":30,"column":49},"end":{"line":46,"column":3}}},"3":{"name":"(anonymous_13)","decl":{"start":{"line":49,"column":12},"end":{"line":49,"column":15}},"loc":{"start":{"line":49,"column":17},"end":{"line":51,"column":3}}},"4":{"name":"(anonymous_14)","decl":{"start":{"line":63,"column":12},"end":{"line":63,"column":15}},"loc":{"start":{"line":63,"column":17},"end":{"line":72,"column":3}}},"5":{"name":"(anonymous_15)","decl":{"start":{"line":65,"column":23},"end":{"line":65,"column":24}},"loc":{"start":{"line":65,"column":32},"end":{"line":68,"column":7}}},"6":{"name":"(anonymous_16)","decl":{"start":{"line":67,"column":43},"end":{"line":67,"column":44}},"loc":{"start":{"line":67,"column":53},"end":{"line":67,"column":72}}},"7":{"name":"(anonymous_17)","decl":{"start":{"line":74,"column":34},"end":{"line":74,"column":35}},"loc":{"start":{"line":74,"column":73},"end":{"line":90,"column":3}}},"8":{"name":"(anonymous_18)","decl":{"start":{"line":92,"column":42},"end":{"line":92,"column":43}},"loc":{"start":{"line":92,"column":59},"end":{"line":112,"column":3}}},"9":{"name":"(anonymous_19)","decl":{"start":{"line":99,"column":40},"end":{"line":99,"column":41}},"loc":{"start":{"line":100,"column":6},"end":{"line":100,"column":53}}},"10":{"name":"(anonymous_20)","decl":{"start":{"line":103,"column":33},"end":{"line":103,"column":34}},"loc":{"start":{"line":103,"column":42},"end":{"line":107,"column":5}}},"11":{"name":"(anonymous_21)","decl":{"start":{"line":114,"column":28},"end":{"line":114,"column":29}},"loc":{"start":{"line":114,"column":71},"end":{"line":150,"column":3}}},"12":{"name":"(anonymous_22)","decl":{"start":{"line":134,"column":49},"end":{"line":134,"column":50}},"loc":{"start":{"line":134,"column":59},"end":{"line":134,"column":77}}},"13":{"name":"(anonymous_23)","decl":{"start":{"line":152,"column":22},"end":{"line":152,"column":25}},"loc":{"start":{"line":152,"column":27},"end":{"line":159,"column":3}}},"14":{"name":"(anonymous_24)","decl":{"start":{"line":168,"column":32},"end":{"line":168,"column":33}},"loc":{"start":{"line":168,"column":55},"end":{"line":175,"column":3}}},"15":{"name":"(anonymous_25)","decl":{"start":{"line":178,"column":24},"end":{"line":178,"column":25}},"loc":{"start":{"line":178,"column":69},"end":{"line":199,"column":3}}},"16":{"name":"(anonymous_26)","decl":{"start":{"line":186,"column":27},"end":{"line":186,"column":28}},"loc":{"start":{"line":186,"column":37},"end":{"line":186,"column":73}}},"17":{"name":"(anonymous_27)","decl":{"start":{"line":189,"column":27},"end":{"line":189,"column":28}},"loc":{"start":{"line":189,"column":37},"end":{"line":189,"column":59}}},"18":{"name":"(anonymous_28)","decl":{"start":{"line":210,"column":12},"end":{"line":210,"column":15}},"loc":{"start":{"line":210,"column":17},"end":{"line":212,"column":3}}},"19":{"name":"(anonymous_29)","decl":{"start":{"line":215,"column":12},"end":{"line":215,"column":15}},"loc":{"start":{"line":215,"column":17},"end":{"line":224,"column":3}}},"20":{"name":"(anonymous_30)","decl":{"start":{"line":264,"column":28},"end":{"line":264,"column":29}},"loc":{"start":{"line":265,"column":14},"end":{"line":266,"column":null}}},"21":{"name":"(anonymous_31)","decl":{"start":{"line":269,"column":25},"end":{"line":269,"column":28}},"loc":{"start":{"line":269,"column":31},"end":{"line":269,"column":64}}},"22":{"name":"(anonymous_32)","decl":{"start":{"line":270,"column":30},"end":{"line":270,"column":33}},"loc":{"start":{"line":270,"column":36},"end":{"line":270,"column":63}}},"23":{"name":"(anonymous_33)","decl":{"start":{"line":277,"column":76},"end":{"line":277,"column":77}},"loc":{"start":{"line":278,"column":20},"end":{"line":281,"column":null}}},"24":{"name":"(anonymous_34)","decl":{"start":{"line":290,"column":45},"end":{"line":290,"column":46}},"loc":{"start":{"line":291,"column":16},"end":{"line":292,"column":null}}},"25":{"name":"(anonymous_35)","decl":{"start":{"line":295,"column":27},"end":{"line":295,"column":30}},"loc":{"start":{"line":295,"column":33},"end":{"line":295,"column":60}}},"26":{"name":"(anonymous_36)","decl":{"start":{"line":296,"column":32},"end":{"line":296,"column":35}},"loc":{"start":{"line":296,"column":38},"end":{"line":296,"column":65}}}},"branchMap":{"0":{"loc":{"start":{"line":15,"column":4},"end":{"line":15,"column":42}},"type":"default-arg","locations":[{"start":{"line":15,"column":18},"end":{"line":15,"column":42}}]},"1":{"loc":{"start":{"line":21,"column":22},"end":{"line":21,"column":67}},"type":"binary-expr","locations":[{"start":{"line":21,"column":22},"end":{"line":21,"column":59}},{"start":{"line":21,"column":63},"end":{"line":21,"column":67}}]},"2":{"loc":{"start":{"line":64,"column":4},"end":{"line":69,"column":5}},"type":"if","locations":[{"start":{"line":64,"column":4},"end":{"line":69,"column":5}},{"start":{},"end":{}}]},"3":{"loc":{"start":{"line":64,"column":8},"end":{"line":64,"column":43}},"type":"binary-expr","locations":[{"start":{"line":64,"column":8},"end":{"line":64,"column":18}},{"start":{"line":64,"column":22},"end":{"line":64,"column":43}}]},"4":{"loc":{"start":{"line":66,"column":8},"end":{"line":66,"column":41}},"type":"if","locations":[{"start":{"line":66,"column":8},"end":{"line":66,"column":41}},{"start":{},"end":{}}]},"5":{"loc":{"start":{"line":71,"column":18},"end":{"line":71,"column":69}},"type":"binary-expr","locations":[{"start":{"line":71,"column":18},"end":{"line":71,"column":41}},{"start":{"line":71,"column":45},"end":{"line":71,"column":69}}]},"6":{"loc":{"start":{"line":79,"column":4},"end":{"line":79,"column":46}},"type":"if","locations":[{"start":{"line":79,"column":4},"end":{"line":79,"column":46}},{"start":{},"end":{}}]},"7":{"loc":{"start":{"line":80,"column":4},"end":{"line":80,"column":53}},"type":"if","locations":[{"start":{"line":80,"column":4},"end":{"line":80,"column":53}},{"start":{},"end":{}}]},"8":{"loc":{"start":{"line":81,"column":4},"end":{"line":81,"column":51}},"type":"if","locations":[{"start":{"line":81,"column":4},"end":{"line":81,"column":51}},{"start":{},"end":{}}]},"9":{"loc":{"start":{"line":84,"column":6},"end":{"line":86,"column":7}},"type":"if","locations":[{"start":{"line":84,"column":6},"end":{"line":86,"column":7}},{"start":{},"end":{}}]},"10":{"loc":{"start":{"line":120,"column":4},"end":{"line":128,"column":5}},"type":"if","locations":[{"start":{"line":120,"column":4},"end":{"line":128,"column":5}},{"start":{"line":125,"column":11},"end":{"line":128,"column":5}}]},"11":{"loc":{"start":{"line":127,"column":20},"end":{"line":127,"column":66}},"type":"binary-expr","locations":[{"start":{"line":127,"column":20},"end":{"line":127,"column":38}},{"start":{"line":127,"column":42},"end":{"line":127,"column":66}}]},"12":{"loc":{"start":{"line":132,"column":4},"end":{"line":147,"column":5}},"type":"if","locations":[{"start":{"line":132,"column":4},"end":{"line":147,"column":5}},{"start":{},"end":{}}]},"13":{"loc":{"start":{"line":144,"column":6},"end":{"line":146,"column":7}},"type":"if","locations":[{"start":{"line":144,"column":6},"end":{"line":146,"column":7}},{"start":{},"end":{}}]},"14":{"loc":{"start":{"line":179,"column":5},"end":{"line":179,"column":29}},"type":"if","locations":[{"start":{"line":179,"column":5},"end":{"line":179,"column":29}},{"start":{},"end":{}}]},"15":{"loc":{"start":{"line":181,"column":18},"end":{"line":181,"column":81}},"type":"cond-expr","locations":[{"start":{"line":181,"column":42},"end":{"line":181,"column":53}},{"start":{"line":181,"column":56},"end":{"line":181,"column":81}}]},"16":{"loc":{"start":{"line":182,"column":4},"end":{"line":182,"column":30}},"type":"if","locations":[{"start":{"line":182,"column":4},"end":{"line":182,"column":30}},{"start":{},"end":{}}]},"17":{"loc":{"start":{"line":184,"column":4},"end":{"line":198,"column":5}},"type":"if","locations":[{"start":{"line":184,"column":4},"end":{"line":198,"column":5}},{"start":{"line":187,"column":11},"end":{"line":198,"column":5}}]},"18":{"loc":{"start":{"line":187,"column":11},"end":{"line":198,"column":5}},"type":"if","locations":[{"start":{"line":187,"column":11},"end":{"line":198,"column":5}},{"start":{"line":190,"column":11},"end":{"line":198,"column":5}}]},"19":{"loc":{"start":{"line":190,"column":11},"end":{"line":198,"column":5}},"type":"if","locations":[{"start":{"line":190,"column":11},"end":{"line":198,"column":5}},{"start":{"line":193,"column":11},"end":{"line":198,"column":5}}]},"20":{"loc":{"start":{"line":190,"column":15},"end":{"line":190,"column":58}},"type":"binary-expr","locations":[{"start":{"line":190,"column":15},"end":{"line":190,"column":32}},{"start":{"line":190,"column":36},"end":{"line":190,"column":58}}]},"21":{"loc":{"start":{"line":193,"column":11},"end":{"line":198,"column":5}},"type":"if","locations":[{"start":{"line":193,"column":11},"end":{"line":198,"column":5}},{"start":{},"end":{}}]},"22":{"loc":{"start":{"line":216,"column":4},"end":{"line":223,"column":5}},"type":"if","locations":[{"start":{"line":216,"column":4},"end":{"line":223,"column":5}},{"start":{},"end":{}}]},"23":{"loc":{"start":{"line":216,"column":8},"end":{"line":216,"column":49}},"type":"binary-expr","locations":[{"start":{"line":216,"column":8},"end":{"line":216,"column":30}},{"start":{"line":216,"column":34},"end":{"line":216,"column":49}}]},"24":{"loc":{"start":{"line":218,"column":8},"end":{"line":218,"column":75}},"type":"cond-expr","locations":[{"start":{"line":218,"column":34},"end":{"line":218,"column":55}},{"start":{"line":218,"column":58},"end":{"line":218,"column":75}}]},"25":{"loc":{"start":{"line":220,"column":6},"end":{"line":222,"column":7}},"type":"if","locations":[{"start":{"line":220,"column":6},"end":{"line":222,"column":7}},{"start":{},"end":{}}]},"26":{"loc":{"start":{"line":246,"column":12},"end":{"line":246,"column":82}},"type":"cond-expr","locations":[{"start":{"line":246,"column":37},"end":{"line":246,"column":70}},{"start":{"line":246,"column":73},"end":{"line":246,"column":82}}]},"27":{"loc":{"start":{"line":249,"column":9},"end":{"line":252,"column":null}},"type":"binary-expr","locations":[{"start":{"line":249,"column":9},"end":{"line":249,"column":19}},{"start":{"line":250,"column":10},"end":{"line":251,"column":null}}]},"28":{"loc":{"start":{"line":254,"column":9},"end":{"line":257,"column":null}},"type":"binary-expr","locations":[{"start":{"line":254,"column":9},"end":{"line":254,"column":20}},{"start":{"line":255,"column":10},"end":{"line":256,"column":null}}]},"29":{"loc":{"start":{"line":261,"column":7},"end":{"line":306,"column":null}},"type":"binary-expr","locations":[{"start":{"line":261,"column":7},"end":{"line":261,"column":17}},{"start":{"line":262,"column":8},"end":{"line":305,"column":null}}]},"30":{"loc":{"start":{"line":263,"column":11},"end":{"line":304,"column":null}},"type":"cond-expr","locations":[{"start":{"line":264,"column":12},"end":{"line":286,"column":14}},{"start":{"line":288,"column":12},"end":{"line":303,"column":null}}]},"31":{"loc":{"start":{"line":263,"column":11},"end":{"line":263,"column":58}},"type":"binary-expr","locations":[{"start":{"line":263,"column":11},"end":{"line":263,"column":32}},{"start":{"line":263,"column":36},"end":{"line":263,"column":58}}]},"32":{"loc":{"start":{"line":268,"column":46},"end":{"line":268,"column":90}},"type":"cond-expr","locations":[{"start":{"line":268,"column":76},"end":{"line":268,"column":85}},{"start":{"line":268,"column":88},"end":{"line":268,"column":90}}]},"33":{"loc":{"start":{"line":278,"column":20},"end":{"line":281,"column":null}},"type":"cond-expr","locations":[{"start":{"line":279,"column":22},"end":{"line":279,"column":39}},{"start":{"line":281,"column":22},"end":{"line":281,"column":26}}]},"34":{"loc":{"start":{"line":294,"column":45},"end":{"line":294,"column":89}},"type":"cond-expr","locations":[{"start":{"line":294,"column":75},"end":{"line":294,"column":84}},{"start":{"line":294,"column":87},"end":{"line":294,"column":89}}]}},"s":{"0":1,"1":1,"2":1,"3":1,"4":7,"5":7,"6":7,"7":7,"8":7,"9":7,"10":7,"11":7,"12":7,"13":7,"14":0,"15":0,"16":0,"17":0,"18":0,"19":0,"20":0,"21":0,"22":0,"23":7,"24":7,"25":7,"26":0,"27":0,"28":0,"29":0,"30":0,"31":0,"32":0,"33":7,"34":0,"35":0,"36":0,"37":0,"38":0,"39":0,"40":0,"41":0,"42":0,"43":0,"44":0,"45":0,"46":0,"47":0,"48":7,"49":0,"50":0,"51":0,"52":0,"53":0,"54":0,"55":0,"56":0,"57":0,"58":0,"59":7,"60":0,"61":0,"62":0,"63":0,"64":0,"65":0,"66":0,"67":0,"68":0,"69":0,"70":0,"71":0,"72":0,"73":0,"74":0,"75":0,"76":0,"77":0,"78":0,"79":0,"80":0,"81":0,"82":0,"83":7,"84":0,"85":0,"86":0,"87":0,"88":0,"89":0,"90":7,"91":0,"92":0,"93":0,"94":0,"95":0,"96":0,"97":7,"98":0,"99":0,"100":0,"101":0,"102":0,"103":0,"104":0,"105":0,"106":0,"107":0,"108":0,"109":0,"110":0,"111":0,"112":0,"113":0,"114":0,"115":0,"116":0,"117":0,"118":0,"119":7,"120":0,"121":7,"122":0,"123":0,"124":0,"125":0,"126":7,"127":0,"128":0,"129":0,"130":0,"131":0,"132":0,"133":0,"134":1},"f":{"0":7,"1":7,"2":0,"3":7,"4":0,"5":0,"6":0,"7":0,"8":0,"9":0,"10":0,"11":0,"12":0,"13":0,"14":0,"15":0,"16":0,"17":0,"18":0,"19":0,"20":0,"21":0,"22":0,"23":0,"24":0,"25":0,"26":0},"b":{"0":[7],"1":[7,0],"2":[0,0],"3":[0,0],"4":[0,0],"5":[0,0],"6":[0,0],"7":[0,0],"8":[0,0],"9":[0,0],"10":[0,0],"11":[0,0],"12":[0,0],"13":[0,0],"14":[0,0],"15":[0,0],"16":[0,0],"17":[0,0],"18":[0,0],"19":[0,0],"20":[0,0],"21":[0,0],"22":[0,0],"23":[0,0],"24":[0,0],"25":[0,0],"26":[0,7],"27":[7,0],"28":[7,0],"29":[7,0],"30":[0,0],"31":[0,0],"32":[0,0],"33":[0,0],"34":[0,0]}}
,"C:\\Users\\USER\\Documents\\interview\\frontend-assessment\\src\\utils\\analyticsEngine.ts": {"path":"C:\\Users\\USER\\Documents\\interview\\frontend-assessment\\src\\utils\\analyticsEngine.ts","statementMap":{"0":{"start":{"line":185,"column":0},"end":{"line":185,"column":16}},"1":{"start":{"line":5,"column":38},"end":{"line":23,"column":1}},"2":{"start":{"line":6,"column":20},"end":{"line":6,"column":37}},"3":{"start":{"line":8,"column":22},"end":{"line":8,"column":56}},"4":{"start":{"line":9,"column":25},"end":{"line":9,"column":65}},"5":{"start":{"line":10,"column":28},"end":{"line":10,"column":68}},"6":{"start":{"line":11,"column":27},"end":{"line":11,"column":66}},"7":{"start":{"line":13,"column":18},"end":{"line":13,"column":35}},"8":{"start":{"line":15,"column":2},"end":{"line":22,"column":4}},"9":{"start":{"line":5,"column":13},"end":{"line":5,"column":38}},"10":{"start":{"line":26,"column":2},"end":{"line":26,"column":30}},"11":{"start":{"line":26,"column":21},"end":{"line":26,"column":30}},"12":{"start":{"line":27,"column":15},"end":{"line":27,"column":26}},"13":{"start":{"line":27,"column":35},"end":{"line":27,"column":46}},"14":{"start":{"line":28,"column":25},"end":{"line":28,"column":92}},"15":{"start":{"line":28,"column":64},"end":{"line":28,"column":91}},"16":{"start":{"line":30,"column":2},"end":{"line":30,"column":47}},"17":{"start":{"line":30,"column":15},"end":{"line":30,"column":16}},"18":{"start":{"line":30,"column":34},"end":{"line":30,"column":47}},"19":{"start":{"line":31,"column":2},"end":{"line":31,"column":47}},"20":{"start":{"line":31,"column":15},"end":{"line":31,"column":16}},"21":{"start":{"line":31,"column":34},"end":{"line":31,"column":47}},"22":{"start":{"line":33,"column":2},"end":{"line":38,"column":3}},"23":{"start":{"line":33,"column":15},"end":{"line":33,"column":16}},"24":{"start":{"line":34,"column":4},"end":{"line":37,"column":5}},"25":{"start":{"line":34,"column":17},"end":{"line":34,"column":18}},"26":{"start":{"line":35,"column":19},"end":{"line":35,"column":54}},"27":{"start":{"line":36,"column":6},"end":{"line":36,"column":87}},"28":{"start":{"line":40,"column":2},"end":{"line":40,"column":51}},"29":{"start":{"line":44,"column":66},"end":{"line":44,"column":68}},"30":{"start":{"line":46,"column":2},"end":{"line":51,"column":5}},"31":{"start":{"line":47,"column":17},"end":{"line":47,"column":52}},"32":{"start":{"line":48,"column":4},"end":{"line":48,"column":56}},"33":{"start":{"line":49,"column":4},"end":{"line":49,"column":33}},"34":{"start":{"line":50,"column":4},"end":{"line":50,"column":24}},"35":{"start":{"line":53,"column":16},"end":{"line":53,"column":41}},"36":{"start":{"line":54,"column":25},"end":{"line":58,"column":4}},"37":{"start":{"line":55,"column":19},"end":{"line":55,"column":61}},"38":{"start":{"line":56,"column":24},"end":{"line":56,"column":74}},"39":{"start":{"line":56,"column":50},"end":{"line":56,"column":70}},"40":{"start":{"line":57,"column":4},"end":{"line":57,"column":64}},"41":{"start":{"line":60,"column":24},"end":{"line":61,"column":null}},"42":{"start":{"line":61,"column":21},"end":{"line":61,"column":79}},"43":{"start":{"line":64,"column":2},"end":{"line":64,"column":54}},"44":{"start":{"line":68,"column":51},"end":{"line":68,"column":53}},"45":{"start":{"line":70,"column":2},"end":{"line":73,"column":5}},"46":{"start":{"line":71,"column":4},"end":{"line":71,"column":67}},"47":{"start":{"line":71,"column":36},"end":{"line":71,"column":67}},"48":{"start":{"line":72,"column":4},"end":{"line":72,"column":44}},"49":{"start":{"line":75,"column":21},"end":{"line":75,"column":48}},"50":{"start":{"line":76,"column":68},"end":{"line":76,"column":70}},"51":{"start":{"line":78,"column":2},"end":{"line":87,"column":3}},"52":{"start":{"line":79,"column":4},"end":{"line":79,"column":33}},"53":{"start":{"line":80,"column":4},"end":{"line":86,"column":5}},"54":{"start":{"line":81,"column":16},"end":{"line":81,"column":36}},"55":{"start":{"line":82,"column":16},"end":{"line":82,"column":36}},"56":{"start":{"line":83,"column":6},"end":{"line":85,"column":12}},"57":{"start":{"line":89,"column":2},"end":{"line":89,"column":27}},"58":{"start":{"line":92,"column":36},"end":{"line":108,"column":1}},"59":{"start":{"line":93,"column":12},"end":{"line":93,"column":40}},"60":{"start":{"line":94,"column":2},"end":{"line":94,"column":22}},"61":{"start":{"line":94,"column":13},"end":{"line":94,"column":22}},"62":{"start":{"line":96,"column":15},"end":{"line":96,"column":55}},"63":{"start":{"line":96,"column":46},"end":{"line":96,"column":51}},"64":{"start":{"line":97,"column":15},"end":{"line":97,"column":55}},"65":{"start":{"line":97,"column":46},"end":{"line":97,"column":51}},"66":{"start":{"line":98,"column":16},"end":{"line":98,"column":72}},"67":{"start":{"line":98,"column":53},"end":{"line":98,"column":68}},"68":{"start":{"line":99,"column":16},"end":{"line":99,"column":67}},"69":{"start":{"line":99,"column":50},"end":{"line":99,"column":63}},"70":{"start":{"line":100,"column":16},"end":{"line":100,"column":67}},"71":{"start":{"line":100,"column":50},"end":{"line":100,"column":63}},"72":{"start":{"line":102,"column":20},"end":{"line":102,"column":43}},"73":{"start":{"line":103,"column":22},"end":{"line":104,"column":null}},"74":{"start":{"line":107,"column":2},"end":{"line":107,"column":57}},"75":{"start":{"line":130,"column":18},"end":{"line":130,"column":50}},"76":{"start":{"line":132,"column":2},"end":{"line":135,"column":5}},"77":{"start":{"line":133,"column":4},"end":{"line":133,"column":60}},"78":{"start":{"line":133,"column":33},"end":{"line":133,"column":60}},"79":{"start":{"line":134,"column":4},"end":{"line":134,"column":36}},"80":{"start":{"line":137,"column":50},"end":{"line":137,"column":52}},"81":{"start":{"line":139,"column":2},"end":{"line":145,"column":5}},"82":{"start":{"line":140,"column":20},"end":{"line":140,"column":52}},"83":{"start":{"line":141,"column":23},"end":{"line":141,"column":71}},"84":{"start":{"line":143,"column":4},"end":{"line":143,"column":57}},"85":{"start":{"line":143,"column":31},"end":{"line":143,"column":57}},"86":{"start":{"line":144,"column":4},"end":{"line":144,"column":43}},"87":{"start":{"line":147,"column":2},"end":{"line":147,"column":18}},"88":{"start":{"line":152,"column":16},"end":{"line":152,"column":63}},"89":{"start":{"line":152,"column":44},"end":{"line":152,"column":59}},"90":{"start":{"line":153,"column":14},"end":{"line":153,"column":37}},"91":{"start":{"line":155,"column":49},"end":{"line":155,"column":51}},"92":{"start":{"line":156,"column":2},"end":{"line":158,"column":5}},"93":{"start":{"line":157,"column":4},"end":{"line":157,"column":73}},"94":{"start":{"line":160,"column":2},"end":{"line":160,"column":86}},"95":{"start":{"line":164,"column":2},"end":{"line":182,"column":5}},"96":{"start":{"line":165,"column":16},"end":{"line":165,"column":17}},"97":{"start":{"line":166,"column":20},"end":{"line":166,"column":54}},"98":{"start":{"line":168,"column":4},"end":{"line":179,"column":5}},"99":{"start":{"line":168,"column":17},"end":{"line":168,"column":18}},"100":{"start":{"line":169,"column":6},"end":{"line":169,"column":30}},"101":{"start":{"line":169,"column":21},"end":{"line":169,"column":30}},"102":{"start":{"line":170,"column":20},"end":{"line":170,"column":35}},"103":{"start":{"line":172,"column":26},"end":{"line":172,"column":91}},"104":{"start":{"line":173,"column":25},"end":{"line":173,"column":101}},"105":{"start":{"line":174,"column":23},"end":{"line":174,"column":98}},"106":{"start":{"line":176,"column":6},"end":{"line":178,"column":7}},"107":{"start":{"line":177,"column":8},"end":{"line":177,"column":21}},"108":{"start":{"line":181,"column":4},"end":{"line":181,"column":41}},"109":{"start":{"line":190,"column":32},"end":{"line":190,"column":34}},"110":{"start":{"line":191,"column":14},"end":{"line":191,"column":15}},"111":{"start":{"line":192,"column":20},"end":{"line":192,"column":22}},"112":{"start":{"line":194,"column":23},"end":{"line":210,"column":3}},"113":{"start":{"line":195,"column":16},"end":{"line":195,"column":64}},"114":{"start":{"line":196,"column":4},"end":{"line":201,"column":5}},"115":{"start":{"line":199,"column":25},"end":{"line":199,"column":59}},"116":{"start":{"line":200,"column":6},"end":{"line":200,"column":33}},"117":{"start":{"line":203,"column":4},"end":{"line":203,"column":28}},"118":{"start":{"line":205,"column":4},"end":{"line":209,"column":5}},"119":{"start":{"line":206,"column":6},"end":{"line":206,"column":40}},"120":{"start":{"line":208,"column":6},"end":{"line":208,"column":25}},"121":{"start":{"line":212,"column":2},"end":{"line":212,"column":17}}},"fnMap":{"0":{"name":"(anonymous_0)","decl":{"start":{"line":5,"column":38},"end":{"line":5,"column":39}},"loc":{"start":{"line":5,"column":70},"end":{"line":23,"column":1}}},"1":{"name":"calculateStringSimilarity","decl":{"start":{"line":25,"column":9},"end":{"line":25,"column":34}},"loc":{"start":{"line":25,"column":61},"end":{"line":41,"column":1}}},"2":{"name":"(anonymous_2)","decl":{"start":{"line":28,"column":58},"end":{"line":28,"column":61}},"loc":{"start":{"line":28,"column":64},"end":{"line":28,"column":91}}},"3":{"name":"generateTimeSeriesAnalysis","decl":{"start":{"line":43,"column":9},"end":{"line":43,"column":35}},"loc":{"start":{"line":43,"column":63},"end":{"line":65,"column":1}}},"4":{"name":"(anonymous_4)","decl":{"start":{"line":46,"column":23},"end":{"line":46,"column":24}},"loc":{"start":{"line":46,"column":49},"end":{"line":51,"column":3}}},"5":{"name":"(anonymous_5)","decl":{"start":{"line":54,"column":35},"end":{"line":54,"column":36}},"loc":{"start":{"line":54,"column":49},"end":{"line":58,"column":3}}},"6":{"name":"(anonymous_6)","decl":{"start":{"line":56,"column":38},"end":{"line":56,"column":39}},"loc":{"start":{"line":56,"column":50},"end":{"line":56,"column":70}}},"7":{"name":"(anonymous_7)","decl":{"start":{"line":61,"column":14},"end":{"line":61,"column":15}},"loc":{"start":{"line":61,"column":21},"end":{"line":61,"column":79}}},"8":{"name":"calculateMarketCorrelation","decl":{"start":{"line":67,"column":9},"end":{"line":67,"column":35}},"loc":{"start":{"line":67,"column":63},"end":{"line":90,"column":1}}},"9":{"name":"(anonymous_9)","decl":{"start":{"line":70,"column":23},"end":{"line":70,"column":24}},"loc":{"start":{"line":70,"column":48},"end":{"line":73,"column":3}}},"10":{"name":"(anonymous_10)","decl":{"start":{"line":92,"column":36},"end":{"line":92,"column":37}},"loc":{"start":{"line":92,"column":73},"end":{"line":108,"column":1}}},"11":{"name":"(anonymous_11)","decl":{"start":{"line":96,"column":36},"end":{"line":96,"column":37}},"loc":{"start":{"line":96,"column":46},"end":{"line":96,"column":51}}},"12":{"name":"(anonymous_12)","decl":{"start":{"line":97,"column":36},"end":{"line":97,"column":37}},"loc":{"start":{"line":97,"column":46},"end":{"line":97,"column":51}}},"13":{"name":"(anonymous_13)","decl":{"start":{"line":98,"column":37},"end":{"line":98,"column":38}},"loc":{"start":{"line":98,"column":53},"end":{"line":98,"column":68}}},"14":{"name":"(anonymous_14)","decl":{"start":{"line":99,"column":37},"end":{"line":99,"column":38}},"loc":{"start":{"line":99,"column":50},"end":{"line":99,"column":63}}},"15":{"name":"(anonymous_15)","decl":{"start":{"line":100,"column":37},"end":{"line":100,"column":38}},"loc":{"start":{"line":100,"column":50},"end":{"line":100,"column":63}}},"16":{"name":"performBehaviorClustering","decl":{"start":{"line":129,"column":9},"end":{"line":129,"column":34}},"loc":{"start":{"line":129,"column":62},"end":{"line":148,"column":1}}},"17":{"name":"(anonymous_17)","decl":{"start":{"line":132,"column":23},"end":{"line":132,"column":24}},"loc":{"start":{"line":132,"column":29},"end":{"line":135,"column":3}}},"18":{"name":"(anonymous_18)","decl":{"start":{"line":139,"column":18},"end":{"line":139,"column":19}},"loc":{"start":{"line":139,"column":40},"end":{"line":145,"column":3}}},"19":{"name":"analyzeSpendingPattern","decl":{"start":{"line":151,"column":9},"end":{"line":151,"column":31}},"loc":{"start":{"line":151,"column":55},"end":{"line":161,"column":1}}},"20":{"name":"(anonymous_20)","decl":{"start":{"line":152,"column":32},"end":{"line":152,"column":33}},"loc":{"start":{"line":152,"column":44},"end":{"line":152,"column":59}}},"21":{"name":"(anonymous_21)","decl":{"start":{"line":156,"column":19},"end":{"line":156,"column":20}},"loc":{"start":{"line":156,"column":25},"end":{"line":158,"column":3}}},"22":{"name":"calculateFraudScores","decl":{"start":{"line":163,"column":9},"end":{"line":163,"column":29}},"loc":{"start":{"line":163,"column":57},"end":{"line":183,"column":1}}},"23":{"name":"(anonymous_23)","decl":{"start":{"line":164,"column":26},"end":{"line":164,"column":27}},"loc":{"start":{"line":164,"column":39},"end":{"line":182,"column":3}}},"24":{"name":"calculateFraudScoresAsync","decl":{"start":{"line":185,"column":16},"end":{"line":185,"column":41}},"loc":{"start":{"line":188,"column":44},"end":{"line":213,"column":1}}},"25":{"name":"(anonymous_25)","decl":{"start":{"line":194,"column":23},"end":{"line":194,"column":26}},"loc":{"start":{"line":194,"column":28},"end":{"line":210,"column":3}}}},"branchMap":{"0":{"loc":{"start":{"line":26,"column":2},"end":{"line":26,"column":30}},"type":"if","locations":[{"start":{"line":26,"column":2},"end":{"line":26,"column":30}},{"start":{},"end":{}}]},"1":{"loc":{"start":{"line":35,"column":19},"end":{"line":35,"column":54}},"type":"cond-expr","locations":[{"start":{"line":35,"column":49},"end":{"line":35,"column":50}},{"start":{"line":35,"column":53},"end":{"line":35,"column":54}}]},"2":{"loc":{"start":{"line":48,"column":18},"end":{"line":48,"column":55}},"type":"binary-expr","locations":[{"start":{"line":48,"column":18},"end":{"line":48,"column":29}},{"start":{"line":48,"column":33},"end":{"line":48,"column":55}}]},"3":{"loc":{"start":{"line":71,"column":4},"end":{"line":71,"column":67}},"type":"if","locations":[{"start":{"line":71,"column":4},"end":{"line":71,"column":67}},{"start":{},"end":{}}]},"4":{"loc":{"start":{"line":83,"column":38},"end":{"line":85,"column":11}},"type":"cond-expr","locations":[{"start":{"line":84,"column":10},"end":{"line":84,"column":43}},{"start":{"line":85,"column":10},"end":{"line":85,"column":11}}]},"5":{"loc":{"start":{"line":83,"column":38},"end":{"line":83,"column":66}},"type":"binary-expr","locations":[{"start":{"line":83,"column":38},"end":{"line":83,"column":50}},{"start":{"line":83,"column":54},"end":{"line":83,"column":66}}]},"6":{"loc":{"start":{"line":94,"column":2},"end":{"line":94,"column":22}},"type":"if","locations":[{"start":{"line":94,"column":2},"end":{"line":94,"column":22}},{"start":{},"end":{}}]},"7":{"loc":{"start":{"line":107,"column":9},"end":{"line":107,"column":56}},"type":"cond-expr","locations":[{"start":{"line":107,"column":29},"end":{"line":107,"column":30}},{"start":{"line":107,"column":33},"end":{"line":107,"column":56}}]},"8":{"loc":{"start":{"line":133,"column":4},"end":{"line":133,"column":60}},"type":"if","locations":[{"start":{"line":133,"column":4},"end":{"line":133,"column":60}},{"start":{},"end":{}}]},"9":{"loc":{"start":{"line":143,"column":4},"end":{"line":143,"column":57}},"type":"if","locations":[{"start":{"line":143,"column":4},"end":{"line":143,"column":57}},{"start":{},"end":{}}]},"10":{"loc":{"start":{"line":157,"column":35},"end":{"line":157,"column":67}},"type":"binary-expr","locations":[{"start":{"line":157,"column":35},"end":{"line":157,"column":62}},{"start":{"line":157,"column":66},"end":{"line":157,"column":67}}]},"11":{"loc":{"start":{"line":169,"column":6},"end":{"line":169,"column":30}},"type":"if","locations":[{"start":{"line":169,"column":6},"end":{"line":169,"column":30}},{"start":{},"end":{}}]},"12":{"loc":{"start":{"line":176,"column":6},"end":{"line":178,"column":7}},"type":"if","locations":[{"start":{"line":176,"column":6},"end":{"line":178,"column":7}},{"start":{},"end":{}}]},"13":{"loc":{"start":{"line":176,"column":10},"end":{"line":176,"column":63}},"type":"binary-expr","locations":[{"start":{"line":176,"column":10},"end":{"line":176,"column":27}},{"start":{"line":176,"column":31},"end":{"line":176,"column":47}},{"start":{"line":176,"column":51},"end":{"line":176,"column":63}}]},"14":{"loc":{"start":{"line":205,"column":4},"end":{"line":209,"column":5}},"type":"if","locations":[{"start":{"line":205,"column":4},"end":{"line":209,"column":5}},{"start":{"line":207,"column":11},"end":{"line":209,"column":5}}]}},"s":{"0":1,"1":1,"2":1,"3":1,"4":1,"5":1,"6":1,"7":1,"8":1,"9":1,"10":6,"11":2,"12":4,"13":4,"14":4,"15":44,"16":4,"17":4,"18":44,"19":4,"20":4,"21":44,"22":4,"23":4,"24":40,"25":40,"26":396,"27":396,"28":4,"29":1,"30":1,"31":3,"32":3,"33":3,"34":3,"35":1,"36":1,"37":1,"38":1,"39":1,"40":1,"41":1,"42":1,"43":1,"44":1,"45":1,"46":3,"47":2,"48":3,"49":1,"50":1,"51":1,"52":2,"53":2,"54":4,"55":4,"56":4,"57":1,"58":1,"59":1,"60":1,"61":0,"62":1,"63":2,"64":1,"65":2,"66":1,"67":2,"68":1,"69":2,"70":1,"71":2,"72":1,"73":1,"74":1,"75":1,"76":1,"77":3,"78":2,"79":3,"80":1,"81":1,"82":2,"83":2,"84":2,"85":2,"86":2,"87":1,"88":2,"89":3,"90":2,"91":2,"92":2,"93":3,"94":2,"95":1,"96":3,"97":3,"98":3,"99":3,"100":9,"101":3,"102":6,"103":6,"104":6,"105":6,"106":6,"107":2,"108":3,"109":0,"110":0,"111":0,"112":0,"113":0,"114":0,"115":0,"116":0,"117":0,"118":0,"119":0,"120":0,"121":0},"f":{"0":1,"1":6,"2":44,"3":1,"4":3,"5":1,"6":1,"7":1,"8":1,"9":3,"10":1,"11":2,"12":2,"13":2,"14":2,"15":2,"16":1,"17":3,"18":2,"19":2,"20":3,"21":3,"22":1,"23":3,"24":0,"25":0},"b":{"0":[2,4],"1":[8,388],"2":[3,1],"3":[2,1],"4":[1,3],"5":[4,2],"6":[0,1],"7":[0,1],"8":[2,1],"9":[2,0],"10":[3,2],"11":[3,6],"12":[2,4],"13":[6,2,2],"14":[0,0]}}
,"C:\\Users\\USER\\Documents\\interview\\frontend-assessment\\src\\utils\\dataGenerator.ts": {"path":"C:\\Users\\USER\\Documents\\interview\\frontend-assessment\\src\\utils\\dataGenerator.ts","statementMap":{"0":{"start":{"line":113,"column":0},"end":{"line":113,"column":7}},"1":{"start":{"line":244,"column":0},"end":{"line":244,"column":16}},"2":{"start":{"line":293,"column":0},"end":{"line":293,"column":16}},"3":{"start":{"line":311,"column":0},"end":{"line":311,"column":16}},"4":{"start":{"line":327,"column":0},"end":{"line":327,"column":16}},"5":{"start":{"line":357,"column":0},"end":{"line":357,"column":16}},"6":{"start":{"line":362,"column":0},"end":{"line":362,"column":16}},"7":{"start":{"line":366,"column":0},"end":{"line":366,"column":16}},"8":{"start":{"line":373,"column":0},"end":{"line":373,"column":16}},"9":{"start":{"line":377,"column":0},"end":{"line":377,"column":16}},"10":{"start":{"line":382,"column":0},"end":{"line":382,"column":16}},"11":{"start":{"line":391,"column":0},"end":{"line":391,"column":16}},"12":{"start":{"line":8,"column":13},"end":{"line":24,"column":2}},"13":{"start":{"line":26,"column":13},"end":{"line":47,"column":2}},"14":{"start":{"line":49,"column":13},"end":{"line":60,"column":2}},"15":{"start":{"line":63,"column":13},"end":{"line":63,"column":56}},"16":{"start":{"line":66,"column":49},"end":{"line":66,"column":51}},"17":{"start":{"line":118,"column":38},"end":{"line":118,"column":40}},"18":{"start":{"line":119,"column":18},"end":{"line":119,"column":19}},"19":{"start":{"line":121,"column":2},"end":{"line":176,"column":5}},"20":{"start":{"line":122,"column":26},"end":{"line":169,"column":5}},"21":{"start":{"line":123,"column":35},"end":{"line":123,"column":37}},"22":{"start":{"line":126,"column":6},"end":{"line":153,"column":7}},"23":{"start":{"line":131,"column":26},"end":{"line":131,"column":61}},"24":{"start":{"line":132,"column":27},"end":{"line":132,"column":76}},"25":{"start":{"line":133,"column":31},"end":{"line":133,"column":78}},"26":{"start":{"line":135,"column":41},"end":{"line":149,"column":10}},"27":{"start":{"line":151,"column":8},"end":{"line":151,"column":32}},"28":{"start":{"line":152,"column":8},"end":{"line":152,"column":20}},"29":{"start":{"line":155,"column":6},"end":{"line":155,"column":44}},"30":{"start":{"line":156,"column":6},"end":{"line":156,"column":34}},"31":{"start":{"line":157,"column":6},"end":{"line":157,"column":24}},"32":{"start":{"line":159,"column":6},"end":{"line":168,"column":7}},"33":{"start":{"line":160,"column":8},"end":{"line":164,"column":9}},"34":{"start":{"line":161,"column":10},"end":{"line":161,"column":62}},"35":{"start":{"line":163,"column":10},"end":{"line":163,"column":39}},"36":{"start":{"line":166,"column":8},"end":{"line":166,"column":83}},"37":{"start":{"line":166,"column":36},"end":{"line":166,"column":81}},"38":{"start":{"line":167,"column":8},"end":{"line":167,"column":30}},"39":{"start":{"line":171,"column":4},"end":{"line":175,"column":5}},"40":{"start":{"line":172,"column":6},"end":{"line":172,"column":58}},"41":{"start":{"line":174,"column":6},"end":{"line":174,"column":35}},"42":{"start":{"line":245,"column":38},"end":{"line":245,"column":40}},"43":{"start":{"line":247,"column":2},"end":{"line":288,"column":3}},"44":{"start":{"line":247,"column":15},"end":{"line":247,"column":16}},"45":{"start":{"line":248,"column":22},"end":{"line":248,"column":49}},"46":{"start":{"line":252,"column":23},"end":{"line":252,"column":72}},"47":{"start":{"line":253,"column":27},"end":{"line":253,"column":74}},"48":{"start":{"line":255,"column":37},"end":{"line":274,"column":6}},"49":{"start":{"line":276,"column":4},"end":{"line":276,"column":35}},"50":{"start":{"line":279,"column":4},"end":{"line":279,"column":45}},"51":{"start":{"line":282,"column":4},"end":{"line":287,"column":5}},"52":{"start":{"line":283,"column":6},"end":{"line":283,"column":64}},"53":{"start":{"line":286,"column":6},"end":{"line":286,"column":91}},"54":{"start":{"line":286,"column":44},"end":{"line":286,"column":89}},"55":{"start":{"line":290,"column":2},"end":{"line":290,"column":22}},"56":{"start":{"line":297,"column":2},"end":{"line":297,"column":64}},"57":{"start":{"line":297,"column":44},"end":{"line":297,"column":64}},"58":{"start":{"line":299,"column":16},"end":{"line":299,"column":40}},"59":{"start":{"line":300,"column":2},"end":{"line":308,"column":4}},"60":{"start":{"line":302,"column":6},"end":{"line":307,"column":56}},"61":{"start":{"line":312,"column":2},"end":{"line":324,"column":5}},"62":{"start":{"line":313,"column":24},"end":{"line":313,"column":95}},"63":{"start":{"line":314,"column":28},"end":{"line":314,"column":85}},"64":{"start":{"line":315,"column":26},"end":{"line":315,"column":105}},"65":{"start":{"line":316,"column":29},"end":{"line":318,"column":12}},"66":{"start":{"line":319,"column":31},"end":{"line":321,"column":12}},"67":{"start":{"line":323,"column":4},"end":{"line":323,"column":101}},"68":{"start":{"line":328,"column":18},"end":{"line":328,"column":19}},"69":{"start":{"line":331,"column":18},"end":{"line":337,"column":4}},"70":{"start":{"line":340,"column":18},"end":{"line":340,"column":45}},"71":{"start":{"line":341,"column":23},"end":{"line":341,"column":45}},"72":{"start":{"line":343,"column":2},"end":{"line":351,"column":3}},"73":{"start":{"line":343,"column":15},"end":{"line":343,"column":16}},"74":{"start":{"line":344,"column":4},"end":{"line":345,"column":77}},"75":{"start":{"line":348,"column":4},"end":{"line":350,"column":5}},"76":{"start":{"line":348,"column":17},"end":{"line":348,"column":22}},"77":{"start":{"line":349,"column":6},"end":{"line":349,"column":60}},"78":{"start":{"line":353,"column":2},"end":{"line":353,"column":29}},"79":{"start":{"line":358,"column":15},"end":{"line":358,"column":28}},"80":{"start":{"line":359,"column":2},"end":{"line":359,"column":70}},"81":{"start":{"line":363,"column":2},"end":{"line":363,"column":53}},"82":{"start":{"line":367,"column":18},"end":{"line":367,"column":88}},"83":{"start":{"line":368,"column":16},"end":{"line":368,"column":96}},"84":{"start":{"line":369,"column":2},"end":{"line":369,"column":55}},"85":{"start":{"line":374,"column":2},"end":{"line":374,"column":41}},"86":{"start":{"line":378,"column":2},"end":{"line":378,"column":28}},"87":{"start":{"line":383,"column":2},"end":{"line":388,"column":4}},"88":{"start":{"line":392,"column":18},"end":{"line":399,"column":4}},"89":{"start":{"line":401,"column":2},"end":{"line":406,"column":3}},"90":{"start":{"line":402,"column":4},"end":{"line":402,"column":36}},"91":{"start":{"line":403,"column":4},"end":{"line":403,"column":62}},"92":{"start":{"line":403,"column":29},"end":{"line":403,"column":62}},"93":{"start":{"line":404,"column":4},"end":{"line":404,"column":60}},"94":{"start":{"line":404,"column":28},"end":{"line":404,"column":60}},"95":{"start":{"line":405,"column":4},"end":{"line":405,"column":87}},"96":{"start":{"line":408,"column":2},"end":{"line":410,"column":8}},"97":{"start":{"line":412,"column":2},"end":{"line":412,"column":17}}},"fnMap":{"0":{"name":"generateTransactionDataAsync","decl":{"start":{"line":113,"column":22},"end":{"line":113,"column":50}},"loc":{"start":{"line":116,"column":18},"end":{"line":177,"column":1}}},"1":{"name":"(anonymous_1)","decl":{"start":{"line":121,"column":21},"end":{"line":121,"column":22}},"loc":{"start":{"line":121,"column":33},"end":{"line":176,"column":3}}},"2":{"name":"(anonymous_2)","decl":{"start":{"line":122,"column":26},"end":{"line":122,"column":27}},"loc":{"start":{"line":122,"column":54},"end":{"line":169,"column":5}}},"3":{"name":"(anonymous_3)","decl":{"start":{"line":166,"column":26},"end":{"line":166,"column":27}},"loc":{"start":{"line":166,"column":36},"end":{"line":166,"column":81}}},"4":{"name":"generateTransactionData","decl":{"start":{"line":244,"column":16},"end":{"line":244,"column":39}},"loc":{"start":{"line":244,"column":53},"end":{"line":291,"column":1}}},"5":{"name":"(anonymous_5)","decl":{"start":{"line":286,"column":34},"end":{"line":286,"column":35}},"loc":{"start":{"line":286,"column":44},"end":{"line":286,"column":89}}},"6":{"name":"searchTransactions","decl":{"start":{"line":293,"column":16},"end":{"line":293,"column":34}},"loc":{"start":{"line":295,"column":20},"end":{"line":309,"column":1}}},"7":{"name":"(anonymous_7)","decl":{"start":{"line":301,"column":4},"end":{"line":301,"column":5}},"loc":{"start":{"line":302,"column":6},"end":{"line":307,"column":56}}},"8":{"name":"filterTransactions","decl":{"start":{"line":311,"column":16},"end":{"line":311,"column":34}},"loc":{"start":{"line":311,"column":86},"end":{"line":325,"column":1}}},"9":{"name":"(anonymous_9)","decl":{"start":{"line":312,"column":29},"end":{"line":312,"column":30}},"loc":{"start":{"line":312,"column":35},"end":{"line":324,"column":3}}},"10":{"name":"calculateTransactionRisk","decl":{"start":{"line":327,"column":16},"end":{"line":327,"column":40}},"loc":{"start":{"line":327,"column":65},"end":{"line":354,"column":1}}},"11":{"name":"getStatus","decl":{"start":{"line":357,"column":16},"end":{"line":357,"column":25}},"loc":{"start":{"line":357,"column":25},"end":{"line":360,"column":1}}},"12":{"name":"getRandom","decl":{"start":{"line":362,"column":16},"end":{"line":362,"column":25}},"loc":{"start":{"line":362,"column":37},"end":{"line":364,"column":1}}},"13":{"name":"generateRandomDescription","decl":{"start":{"line":366,"column":16},"end":{"line":366,"column":41}},"loc":{"start":{"line":366,"column":41},"end":{"line":370,"column":1}}},"14":{"name":"startDataRefresh","decl":{"start":{"line":373,"column":16},"end":{"line":373,"column":32}},"loc":{"start":{"line":373,"column":71},"end":{"line":375,"column":1}}},"15":{"name":"stopDataRefresh","decl":{"start":{"line":377,"column":16},"end":{"line":377,"column":31}},"loc":{"start":{"line":377,"column":47},"end":{"line":379,"column":1}}},"16":{"name":"getGlobalAnalytics","decl":{"start":{"line":382,"column":16},"end":{"line":382,"column":34}},"loc":{"start":{"line":382,"column":34},"end":{"line":389,"column":1}}},"17":{"name":"calculateSummary","decl":{"start":{"line":391,"column":16},"end":{"line":391,"column":32}},"loc":{"start":{"line":391,"column":60},"end":{"line":413,"column":1}}}},"branchMap":{"0":{"loc":{"start":{"line":116,"column":2},"end":{"line":116,"column":18}},"type":"default-arg","locations":[{"start":{"line":116,"column":14},"end":{"line":116,"column":18}}]},"1":{"loc":{"start":{"line":127,"column":8},"end":{"line":129,"column":32}},"type":"binary-expr","locations":[{"start":{"line":127,"column":8},"end":{"line":127,"column":25}},{"start":{"line":128,"column":9},"end":{"line":128,"column":18}},{"start":{"line":128,"column":22},"end":{"line":128,"column":50}},{"start":{"line":129,"column":8},"end":{"line":129,"column":32}}]},"2":{"loc":{"start":{"line":133,"column":31},"end":{"line":133,"column":78}},"type":"cond-expr","locations":[{"start":{"line":133,"column":47},"end":{"line":133,"column":65}},{"start":{"line":133,"column":68},"end":{"line":133,"column":78}}]},"3":{"loc":{"start":{"line":140,"column":16},"end":{"line":140,"column":56}},"type":"cond-expr","locations":[{"start":{"line":140,"column":38},"end":{"line":140,"column":45}},{"start":{"line":140,"column":48},"end":{"line":140,"column":56}}]},"4":{"loc":{"start":{"line":147,"column":20},"end":{"line":147,"column":74}},"type":"cond-expr","locations":[{"start":{"line":147,"column":42},"end":{"line":147,"column":62}},{"start":{"line":147,"column":65},"end":{"line":147,"column":74}}]},"5":{"loc":{"start":{"line":148,"column":21},"end":{"line":148,"column":98}},"type":"cond-expr","locations":[{"start":{"line":148,"column":43},"end":{"line":148,"column":86}},{"start":{"line":148,"column":89},"end":{"line":148,"column":98}}]},"6":{"loc":{"start":{"line":159,"column":6},"end":{"line":168,"column":7}},"type":"if","locations":[{"start":{"line":159,"column":6},"end":{"line":168,"column":7}},{"start":{"line":165,"column":13},"end":{"line":168,"column":7}}]},"7":{"loc":{"start":{"line":160,"column":8},"end":{"line":164,"column":9}},"type":"if","locations":[{"start":{"line":160,"column":8},"end":{"line":164,"column":9}},{"start":{"line":162,"column":15},"end":{"line":164,"column":9}}]},"8":{"loc":{"start":{"line":171,"column":4},"end":{"line":175,"column":5}},"type":"if","locations":[{"start":{"line":171,"column":4},"end":{"line":175,"column":5}},{"start":{"line":173,"column":11},"end":{"line":175,"column":5}}]},"9":{"loc":{"start":{"line":253,"column":27},"end":{"line":253,"column":74}},"type":"cond-expr","locations":[{"start":{"line":253,"column":43},"end":{"line":253,"column":61}},{"start":{"line":253,"column":64},"end":{"line":253,"column":74}}]},"10":{"loc":{"start":{"line":262,"column":12},"end":{"line":262,"column":52}},"type":"cond-expr","locations":[{"start":{"line":262,"column":34},"end":{"line":262,"column":41}},{"start":{"line":262,"column":44},"end":{"line":262,"column":52}}]},"11":{"loc":{"start":{"line":269,"column":16},"end":{"line":269,"column":70}},"type":"cond-expr","locations":[{"start":{"line":269,"column":38},"end":{"line":269,"column":58}},{"start":{"line":269,"column":61},"end":{"line":269,"column":70}}]},"12":{"loc":{"start":{"line":271,"column":8},"end":{"line":273,"column":21}},"type":"cond-expr","locations":[{"start":{"line":272,"column":12},"end":{"line":272,"column":55}},{"start":{"line":273,"column":12},"end":{"line":273,"column":21}}]},"13":{"loc":{"start":{"line":282,"column":4},"end":{"line":287,"column":5}},"type":"if","locations":[{"start":{"line":282,"column":4},"end":{"line":287,"column":5}},{"start":{},"end":{}}]},"14":{"loc":{"start":{"line":297,"column":2},"end":{"line":297,"column":64}},"type":"if","locations":[{"start":{"line":297,"column":2},"end":{"line":297,"column":64}},{"start":{},"end":{}}]},"15":{"loc":{"start":{"line":297,"column":6},"end":{"line":297,"column":42}},"type":"binary-expr","locations":[{"start":{"line":297,"column":6},"end":{"line":297,"column":17}},{"start":{"line":297,"column":21},"end":{"line":297,"column":42}}]},"16":{"loc":{"start":{"line":302,"column":6},"end":{"line":307,"column":56}},"type":"binary-expr","locations":[{"start":{"line":302,"column":6},"end":{"line":302,"column":60}},{"start":{"line":303,"column":6},"end":{"line":303,"column":59}},{"start":{"line":304,"column":6},"end":{"line":304,"column":56}},{"start":{"line":305,"column":6},"end":{"line":305,"column":47}},{"start":{"line":306,"column":6},"end":{"line":306,"column":51}},{"start":{"line":307,"column":6},"end":{"line":307,"column":56}}]},"17":{"loc":{"start":{"line":313,"column":24},"end":{"line":313,"column":95}},"type":"cond-expr","locations":[{"start":{"line":313,"column":65},"end":{"line":313,"column":88}},{"start":{"line":313,"column":91},"end":{"line":313,"column":95}}]},"18":{"loc":{"start":{"line":313,"column":24},"end":{"line":313,"column":62}},"type":"binary-expr","locations":[{"start":{"line":313,"column":24},"end":{"line":313,"column":36}},{"start":{"line":313,"column":40},"end":{"line":313,"column":62}}]},"19":{"loc":{"start":{"line":314,"column":28},"end":{"line":314,"column":85}},"type":"cond-expr","locations":[{"start":{"line":314,"column":47},"end":{"line":314,"column":78}},{"start":{"line":314,"column":81},"end":{"line":314,"column":85}}]},"20":{"loc":{"start":{"line":315,"column":26},"end":{"line":315,"column":105}},"type":"cond-expr","locations":[{"start":{"line":315,"column":71},"end":{"line":315,"column":98}},{"start":{"line":315,"column":101},"end":{"line":315,"column":105}}]},"21":{"loc":{"start":{"line":315,"column":26},"end":{"line":315,"column":68}},"type":"binary-expr","locations":[{"start":{"line":315,"column":26},"end":{"line":315,"column":40}},{"start":{"line":315,"column":44},"end":{"line":315,"column":68}}]},"22":{"loc":{"start":{"line":316,"column":29},"end":{"line":318,"column":12}},"type":"cond-expr","locations":[{"start":{"line":317,"column":8},"end":{"line":317,"column":86}},{"start":{"line":318,"column":8},"end":{"line":318,"column":12}}]},"23":{"loc":{"start":{"line":317,"column":8},"end":{"line":317,"column":86}},"type":"binary-expr","locations":[{"start":{"line":317,"column":8},"end":{"line":317,"column":46}},{"start":{"line":317,"column":50},"end":{"line":317,"column":86}}]},"24":{"loc":{"start":{"line":319,"column":31},"end":{"line":321,"column":12}},"type":"cond-expr","locations":[{"start":{"line":320,"column":8},"end":{"line":320,"column":82}},{"start":{"line":321,"column":8},"end":{"line":321,"column":12}}]},"25":{"loc":{"start":{"line":320,"column":8},"end":{"line":320,"column":82}},"type":"binary-expr","locations":[{"start":{"line":320,"column":8},"end":{"line":320,"column":43}},{"start":{"line":320,"column":47},"end":{"line":320,"column":82}}]},"26":{"loc":{"start":{"line":323,"column":11},"end":{"line":323,"column":100}},"type":"binary-expr","locations":[{"start":{"line":323,"column":11},"end":{"line":323,"column":22}},{"start":{"line":323,"column":26},"end":{"line":323,"column":41}},{"start":{"line":323,"column":45},"end":{"line":323,"column":58}},{"start":{"line":323,"column":62},"end":{"line":323,"column":78}},{"start":{"line":323,"column":82},"end":{"line":323,"column":100}}]},"27":{"loc":{"start":{"line":359,"column":9},"end":{"line":359,"column":69}},"type":"cond-expr","locations":[{"start":{"line":359,"column":22},"end":{"line":359,"column":33}},{"start":{"line":359,"column":36},"end":{"line":359,"column":69}}]},"28":{"loc":{"start":{"line":359,"column":36},"end":{"line":359,"column":69}},"type":"cond-expr","locations":[{"start":{"line":359,"column":49},"end":{"line":359,"column":58}},{"start":{"line":359,"column":61},"end":{"line":359,"column":69}}]},"29":{"loc":{"start":{"line":373,"column":55},"end":{"line":373,"column":71}},"type":"default-arg","locations":[{"start":{"line":373,"column":66},"end":{"line":373,"column":71}}]},"30":{"loc":{"start":{"line":386,"column":23},"end":{"line":386,"column":100}},"type":"binary-expr","locations":[{"start":{"line":386,"column":23},"end":{"line":386,"column":92}},{"start":{"line":386,"column":96},"end":{"line":386,"column":100}}]},"31":{"loc":{"start":{"line":387,"column":23},"end":{"line":387,"column":67}},"type":"binary-expr","locations":[{"start":{"line":387,"column":23},"end":{"line":387,"column":59}},{"start":{"line":387,"column":63},"end":{"line":387,"column":67}}]},"32":{"loc":{"start":{"line":403,"column":4},"end":{"line":403,"column":62}},"type":"if","locations":[{"start":{"line":403,"column":4},"end":{"line":403,"column":62}},{"start":{},"end":{}}]},"33":{"loc":{"start":{"line":404,"column":4},"end":{"line":404,"column":60}},"type":"if","locations":[{"start":{"line":404,"column":4},"end":{"line":404,"column":60}},{"start":{},"end":{}}]},"34":{"loc":{"start":{"line":405,"column":42},"end":{"line":405,"column":81}},"type":"binary-expr","locations":[{"start":{"line":405,"column":42},"end":{"line":405,"column":76}},{"start":{"line":405,"column":80},"end":{"line":405,"column":81}}]},"35":{"loc":{"start":{"line":408,"column":33},"end":{"line":410,"column":7}},"type":"cond-expr","locations":[{"start":{"line":409,"column":6},"end":{"line":409,"column":53}},{"start":{"line":410,"column":6},"end":{"line":410,"column":7}}]}},"s":{"0":1,"1":1,"2":1,"3":1,"4":1,"5":1,"6":1,"7":1,"8":1,"9":1,"10":1,"11":1,"12":1,"13":1,"14":1,"15":1,"16":1,"17":0,"18":0,"19":0,"20":0,"21":0,"22":0,"23":0,"24":0,"25":0,"26":0,"27":0,"28":0,"29":0,"30":0,"31":0,"32":0,"33":0,"34":0,"35":0,"36":0,"37":0,"38":0,"39":0,"40":0,"41":0,"42":1,"43":1,"44":1,"45":50,"46":50,"47":50,"48":50,"49":50,"50":50,"51":50,"52":1,"53":1,"54":0,"55":1,"56":1,"57":0,"58":1,"59":1,"60":50,"61":1,"62":50,"63":50,"64":50,"65":50,"66":50,"67":50,"68":50,"69":50,"70":50,"71":50,"72":50,"73":50,"74":250,"75":250,"76":250,"77":500,"78":50,"79":50,"80":50,"81":237,"82":50,"83":50,"84":50,"85":1,"86":1,"87":1,"88":1,"89":1,"90":50,"91":50,"92":28,"93":50,"94":22,"95":50,"96":1,"97":1},"f":{"0":0,"1":0,"2":0,"3":0,"4":1,"5":0,"6":1,"7":50,"8":1,"9":50,"10":50,"11":50,"12":237,"13":50,"14":1,"15":1,"16":1,"17":1},"b":{"0":[0],"1":[0,0,0,0],"2":[0,0],"3":[0,0],"4":[0,0],"5":[0,0],"6":[0,0],"7":[0,0],"8":[0,0],"9":[50,0],"10":[22,28],"11":[37,13],"12":[21,29],"13":[1,49],"14":[0,1],"15":[1,1],"16":[50,48,48,44,44,44],"17":[50,0],"18":[50,50],"19":[50,0],"20":[0,50],"21":[50,0],"22":[0,50],"23":[0,0],"24":[0,50],"25":[0,0],"26":[50,28,5,5,5],"27":[45,5],"28":[0,5],"29":[1],"30":[1,0],"31":[1,0],"32":[28,22],"33":[22,28],"34":[50,14],"35":[1,0]}}
,"C:\\Users\\USER\\Documents\\interview\\frontend-assessment\\src\\utils\\riskUtils.ts": {"path":"C:\\Users\\USER\\Documents\\interview\\frontend-assessment\\src\\utils\\riskUtils.ts","statementMap":{"0":{"start":{"line":4,"column":36},"end":{"line":15,"column":1}},"1":{"start":{"line":5,"column":2},"end":{"line":7,"column":3}},"2":{"start":{"line":6,"column":4},"end":{"line":6,"column":69}},"3":{"start":{"line":9,"column":26},"end":{"line":9,"column":86}},"4":{"start":{"line":9,"column":42},"end":{"line":9,"column":85}},"5":{"start":{"line":10,"column":23},"end":{"line":10,"column":61}},"6":{"start":{"line":11,"column":21},"end":{"line":11,"column":59}},"7":{"start":{"line":12,"column":19},"end":{"line":12,"column":78}},"8":{"start":{"line":14,"column":2},"end":{"line":14,"column":46}},"9":{"start":{"line":4,"column":13},"end":{"line":4,"column":36}},"10":{"start":{"line":17,"column":42},"end":{"line":35,"column":1}},"11":{"start":{"line":18,"column":2},"end":{"line":20,"column":3}},"12":{"start":{"line":19,"column":4},"end":{"line":19,"column":92}},"13":{"start":{"line":22,"column":18},"end":{"line":23,"column":null}},"14":{"start":{"line":23,"column":9},"end":{"line":23,"column":102}},"15":{"start":{"line":25,"column":19},"end":{"line":27,"column":null}},"16":{"start":{"line":26,"column":9},"end":{"line":27,"column":106}},"17":{"start":{"line":30,"column":14},"end":{"line":30,"column":15}},"18":{"start":{"line":31,"column":2},"end":{"line":31,"column":39}},"19":{"start":{"line":31,"column":26},"end":{"line":31,"column":39}},"20":{"start":{"line":32,"column":2},"end":{"line":32,"column":40}},"21":{"start":{"line":32,"column":27},"end":{"line":32,"column":40}},"22":{"start":{"line":34,"column":2},"end":{"line":34,"column":15}},"23":{"start":{"line":17,"column":13},"end":{"line":17,"column":42}},"24":{"start":{"line":37,"column":31},"end":{"line":53,"column":1}},"25":{"start":{"line":38,"column":2},"end":{"line":40,"column":3}},"26":{"start":{"line":39,"column":4},"end":{"line":39,"column":66}},"27":{"start":{"line":42,"column":17},"end":{"line":42,"column":65}},"28":{"start":{"line":42,"column":33},"end":{"line":42,"column":64}},"29":{"start":{"line":43,"column":2},"end":{"line":45,"column":3}},"30":{"start":{"line":44,"column":4},"end":{"line":44,"column":54}},"31":{"start":{"line":46,"column":20},"end":{"line":46,"column":81}},"32":{"start":{"line":46,"column":46},"end":{"line":46,"column":61}},"33":{"start":{"line":48,"column":20},"end":{"line":48,"column":73}},"34":{"start":{"line":49,"column":26},"end":{"line":50,"column":79}},"35":{"start":{"line":50,"column":33},"end":{"line":50,"column":68}},"36":{"start":{"line":52,"column":2},"end":{"line":52,"column":56}},"37":{"start":{"line":37,"column":13},"end":{"line":37,"column":31}}},"fnMap":{"0":{"name":"(anonymous_0)","decl":{"start":{"line":4,"column":36},"end":{"line":4,"column":37}},"loc":{"start":{"line":4,"column":85},"end":{"line":15,"column":1}}},"1":{"name":"(anonymous_1)","decl":{"start":{"line":9,"column":37},"end":{"line":9,"column":38}},"loc":{"start":{"line":9,"column":42},"end":{"line":9,"column":85}}},"2":{"name":"(anonymous_2)","decl":{"start":{"line":17,"column":42},"end":{"line":17,"column":43}},"loc":{"start":{"line":17,"column":91},"end":{"line":35,"column":1}}},"3":{"name":"(anonymous_3)","decl":{"start":{"line":23,"column":4},"end":{"line":23,"column":5}},"loc":{"start":{"line":23,"column":9},"end":{"line":23,"column":102}}},"4":{"name":"(anonymous_4)","decl":{"start":{"line":26,"column":4},"end":{"line":26,"column":5}},"loc":{"start":{"line":26,"column":9},"end":{"line":27,"column":106}}},"5":{"name":"(anonymous_5)","decl":{"start":{"line":37,"column":31},"end":{"line":37,"column":32}},"loc":{"start":{"line":37,"column":80},"end":{"line":53,"column":1}}},"6":{"name":"(anonymous_6)","decl":{"start":{"line":42,"column":28},"end":{"line":42,"column":29}},"loc":{"start":{"line":42,"column":33},"end":{"line":42,"column":64}}},"7":{"name":"(anonymous_7)","decl":{"start":{"line":46,"column":34},"end":{"line":46,"column":35}},"loc":{"start":{"line":46,"column":46},"end":{"line":46,"column":61}}},"8":{"name":"(anonymous_8)","decl":{"start":{"line":50,"column":28},"end":{"line":50,"column":29}},"loc":{"start":{"line":50,"column":33},"end":{"line":50,"column":68}}}},"branchMap":{"0":{"loc":{"start":{"line":5,"column":2},"end":{"line":7,"column":3}},"type":"if","locations":[{"start":{"line":5,"column":2},"end":{"line":7,"column":3}},{"start":{},"end":{}}]},"1":{"loc":{"start":{"line":5,"column":6},"end":{"line":5,"column":53}},"type":"binary-expr","locations":[{"start":{"line":5,"column":6},"end":{"line":5,"column":26}},{"start":{"line":5,"column":30},"end":{"line":5,"column":53}}]},"2":{"loc":{"start":{"line":10,"column":23},"end":{"line":10,"column":61}},"type":"cond-expr","locations":[{"start":{"line":10,"column":52},"end":{"line":10,"column":55}},{"start":{"line":10,"column":58},"end":{"line":10,"column":61}}]},"3":{"loc":{"start":{"line":11,"column":21},"end":{"line":11,"column":59}},"type":"cond-expr","locations":[{"start":{"line":11,"column":50},"end":{"line":11,"column":53}},{"start":{"line":11,"column":56},"end":{"line":11,"column":59}}]},"4":{"loc":{"start":{"line":12,"column":19},"end":{"line":12,"column":78}},"type":"cond-expr","locations":[{"start":{"line":12,"column":69},"end":{"line":12,"column":72}},{"start":{"line":12,"column":75},"end":{"line":12,"column":78}}]},"5":{"loc":{"start":{"line":18,"column":2},"end":{"line":20,"column":3}},"type":"if","locations":[{"start":{"line":18,"column":2},"end":{"line":20,"column":3}},{"start":{},"end":{}}]},"6":{"loc":{"start":{"line":18,"column":6},"end":{"line":18,"column":107}},"type":"binary-expr","locations":[{"start":{"line":18,"column":6},"end":{"line":18,"column":32}},{"start":{"line":18,"column":36},"end":{"line":18,"column":56}},{"start":{"line":18,"column":60},"end":{"line":18,"column":83}},{"start":{"line":18,"column":87},"end":{"line":18,"column":107}}]},"7":{"loc":{"start":{"line":23,"column":9},"end":{"line":23,"column":102}},"type":"binary-expr","locations":[{"start":{"line":23,"column":9},"end":{"line":23,"column":52}},{"start":{"line":23,"column":56},"end":{"line":23,"column":102}}]},"8":{"loc":{"start":{"line":26,"column":9},"end":{"line":27,"column":106}},"type":"binary-expr","locations":[{"start":{"line":26,"column":9},"end":{"line":26,"column":40}},{"start":{"line":27,"column":9},"end":{"line":27,"column":106}}]},"9":{"loc":{"start":{"line":31,"column":2},"end":{"line":31,"column":39}},"type":"if","locations":[{"start":{"line":31,"column":2},"end":{"line":31,"column":39}},{"start":{},"end":{}}]},"10":{"loc":{"start":{"line":32,"column":2},"end":{"line":32,"column":40}},"type":"if","locations":[{"start":{"line":32,"column":2},"end":{"line":32,"column":40}},{"start":{},"end":{}}]},"11":{"loc":{"start":{"line":38,"column":2},"end":{"line":40,"column":3}},"type":"if","locations":[{"start":{"line":38,"column":2},"end":{"line":40,"column":3}},{"start":{},"end":{}}]},"12":{"loc":{"start":{"line":38,"column":6},"end":{"line":38,"column":50}},"type":"binary-expr","locations":[{"start":{"line":38,"column":6},"end":{"line":38,"column":26}},{"start":{"line":38,"column":30},"end":{"line":38,"column":50}}]},"13":{"loc":{"start":{"line":43,"column":2},"end":{"line":45,"column":3}},"type":"if","locations":[{"start":{"line":43,"column":2},"end":{"line":45,"column":3}},{"start":{},"end":{}}]},"14":{"loc":{"start":{"line":49,"column":26},"end":{"line":50,"column":79}},"type":"cond-expr","locations":[{"start":{"line":50,"column":72},"end":{"line":50,"column":75}},{"start":{"line":50,"column":78},"end":{"line":50,"column":79}}]},"15":{"loc":{"start":{"line":49,"column":26},"end":{"line":50,"column":69}},"type":"binary-expr","locations":[{"start":{"line":49,"column":26},"end":{"line":49,"column":46}},{"start":{"line":50,"column":4},"end":{"line":50,"column":69}}]}},"s":{"0":1,"1":4,"2":1,"3":3,"4":10,"5":3,"6":3,"7":3,"8":3,"9":1,"10":1,"11":4,"12":1,"13":3,"14":13,"15":3,"16":13,"17":3,"18":3,"19":1,"20":3,"21":1,"22":3,"23":1,"24":1,"25":5,"26":1,"27":4,"28":12,"29":4,"30":1,"31":3,"32":9,"33":3,"34":3,"35":4,"36":3,"37":1},"f":{"0":4,"1":10,"2":4,"3":13,"4":13,"5":5,"6":12,"7":9,"8":4},"b":{"0":[1,3],"1":[4,3],"2":[2,1],"3":[2,1],"4":[2,1],"5":[1,3],"6":[4,3,3,3],"7":[13,9],"8":[13,9],"9":[1,2],"10":[1,2],"11":[1,4],"12":[5,4],"13":[1,3],"14":[1,2],"15":[3,2]}}
}
