TN:
SF:src\utils\analyticsEngine.ts
FN:5,(anonymous_0)
FN:25,calculateStringSimilarity
FN:28,(anonymous_2)
FN:43,generateTimeSeriesAnalysis
FN:46,(anonymous_4)
FN:54,(anonymous_5)
FN:56,(anonymous_6)
FN:61,(anonymous_7)
FN:67,calculateMarketCorrelation
FN:70,(anonymous_9)
FN:92,(anonymous_10)
FN:96,(anonymous_11)
FN:97,(anonymous_12)
FN:98,(anonymous_13)
FN:99,(anonymous_14)
FN:100,(anonymous_15)
FN:129,performBehaviorClustering
FN:132,(anonymous_17)
FN:139,(anonymous_18)
FN:151,analyzeSpendingPattern
FN:152,(anonymous_20)
FN:156,(anonymous_21)
FN:163,calculateFraudScores
FN:164,(anonymous_23)
FN:185,calculateFraudScoresAsync
FN:194,(anonymous_25)
FNF:26
FNH:24
FNDA:1,(anonymous_0)
FNDA:6,calculateStringSimilarity
FNDA:44,(anonymous_2)
FNDA:1,generateTimeSeriesAnalysis
FNDA:3,(anonymous_4)
FNDA:1,(anonymous_5)
FNDA:1,(anonymous_6)
FNDA:1,(anonymous_7)
FNDA:1,calculateMarketCorrelation
FNDA:3,(anonymous_9)
FNDA:1,(anonymous_10)
FNDA:2,(anonymous_11)
FNDA:2,(anonymous_12)
FNDA:2,(anonymous_13)
FNDA:2,(anonymous_14)
FNDA:2,(anonymous_15)
FNDA:1,performBehaviorClustering
FNDA:3,(anonymous_17)
FNDA:2,(anonymous_18)
FNDA:2,analyzeSpendingPattern
FNDA:3,(anonymous_20)
FNDA:3,(anonymous_21)
FNDA:1,calculateFraudScores
FNDA:3,(anonymous_23)
FNDA:0,calculateFraudScoresAsync
FNDA:0,(anonymous_25)
DA:5,1
DA:6,1
DA:8,1
DA:9,1
DA:10,1
DA:11,1
DA:13,1
DA:15,1
DA:26,6
DA:27,4
DA:28,44
DA:30,44
DA:31,44
DA:33,4
DA:34,40
DA:35,396
DA:36,396
DA:40,4
DA:44,1
DA:46,1
DA:47,3
DA:48,3
DA:49,3
DA:50,3
DA:53,1
DA:54,1
DA:55,1
DA:56,1
DA:57,1
DA:60,1
DA:61,1
DA:64,1
DA:68,1
DA:70,1
DA:71,3
DA:72,3
DA:75,1
DA:76,1
DA:78,1
DA:79,2
DA:80,2
DA:81,4
DA:82,4
DA:83,4
DA:89,1
DA:92,1
DA:93,1
DA:94,1
DA:96,2
DA:97,2
DA:98,2
DA:99,2
DA:100,2
DA:102,1
DA:103,1
DA:107,1
DA:130,1
DA:132,1
DA:133,3
DA:134,3
DA:137,1
DA:139,1
DA:140,2
DA:141,2
DA:143,2
DA:144,2
DA:147,1
DA:152,3
DA:153,2
DA:155,2
DA:156,2
DA:157,3
DA:160,2
DA:164,1
DA:165,3
DA:166,3
DA:168,3
DA:169,9
DA:170,6
DA:172,6
DA:173,6
DA:174,6
DA:176,6
DA:177,2
DA:181,3
DA:185,1
DA:190,0
DA:191,0
DA:192,0
DA:194,0
DA:195,0
DA:196,0
DA:197,0
DA:199,0
DA:200,0
DA:203,0
DA:205,0
DA:206,0
DA:208,0
DA:212,0
LF:100
LH:86
BRDA:26,0,0,2
BRDA:26,0,1,4
BRDA:35,1,0,8
BRDA:35,1,1,388
BRDA:48,2,0,3
BRDA:48,2,1,1
BRDA:71,3,0,2
BRDA:71,3,1,1
BRDA:83,4,0,1
BRDA:83,4,1,3
BRDA:83,5,0,4
BRDA:83,5,1,2
BRDA:94,6,0,0
BRDA:94,6,1,1
BRDA:107,7,0,0
BRDA:107,7,1,1
BRDA:133,8,0,2
BRDA:133,8,1,1
BRDA:143,9,0,2
BRDA:143,9,1,0
BRDA:157,10,0,3
BRDA:157,10,1,2
BRDA:169,11,0,3
BRDA:169,11,1,6
BRDA:176,12,0,2
BRDA:176,12,1,4
BRDA:176,13,0,6
BRDA:176,13,1,2
BRDA:176,13,2,2
BRDA:205,14,0,0
BRDA:205,14,1,0
BRF:31
BRH:26
end_of_record
TN:
SF:src\utils\dataGenerator.ts
FN:68,generateTransactionDataAsync
FN:76,(anonymous_1)
FN:77,(anonymous_2)
FN:114,(anonymous_3)
FN:124,(anonymous_4)
FN:145,generateTransactionData
FN:187,(anonymous_6)
FN:194,searchTransactions
FN:202,(anonymous_8)
FN:211,filterTransactions
FN:212,(anonymous_10)
FN:227,calculateTransactionRisk
FN:257,getStatus
FN:262,getRandom
FN:266,generateRandomDescription
FN:273,startDataRefresh
FN:277,stopDataRefresh
FN:282,getGlobalAnalytics
FN:291,calculateSummary
FNF:19
FNH:13
FNDA:0,generateTransactionDataAsync
FNDA:0,(anonymous_1)
FNDA:0,(anonymous_2)
FNDA:0,(anonymous_3)
FNDA:0,(anonymous_4)
FNDA:2,generateTransactionData
FNDA:0,(anonymous_6)
FNDA:2,searchTransactions
FNDA:100,(anonymous_8)
FNDA:2,filterTransactions
FNDA:100,(anonymous_10)
FNDA:100,calculateTransactionRisk
FNDA:100,getStatus
FNDA:472,getRandom
FNDA:100,generateRandomDescription
FNDA:2,startDataRefresh
FNDA:2,stopDataRefresh
FNDA:2,getGlobalAnalytics
FNDA:2,calculateSummary
DA:8,2
DA:26,2
DA:49,2
DA:63,2
DA:66,2
DA:68,2
DA:73,0
DA:74,0
DA:76,0
DA:77,0
DA:78,0
DA:80,0
DA:81,0
DA:82,0
DA:83,0
DA:85,0
DA:101,0
DA:105,0
DA:108,0
DA:109,0
DA:113,0
DA:114,0
DA:117,0
DA:118,0
DA:120,0
DA:122,0
DA:124,0
DA:125,0
DA:129,0
DA:145,2
DA:146,2
DA:148,2
DA:149,100
DA:153,100
DA:154,100
DA:156,100
DA:177,100
DA:180,100
DA:183,100
DA:184,2
DA:187,2
DA:191,2
DA:194,2
DA:198,2
DA:200,2
DA:201,2
DA:203,100
DA:211,2
DA:212,2
DA:213,100
DA:214,100
DA:215,100
DA:216,100
DA:219,100
DA:223,100
DA:227,2
DA:228,100
DA:231,100
DA:240,100
DA:241,100
DA:243,100
DA:244,500
DA:248,500
DA:249,1000
DA:253,100
DA:257,2
DA:258,100
DA:259,100
DA:262,2
DA:263,472
DA:266,2
DA:267,100
DA:268,100
DA:269,100
DA:273,2
DA:274,2
DA:277,2
DA:278,2
DA:282,2
DA:283,2
DA:291,2
DA:292,2
DA:301,2
DA:302,100
DA:303,100
DA:304,100
DA:305,100
DA:308,2
DA:312,2
LF:89
LH:66
BRDA:71,0,0,0
BRDA:80,1,0,0
BRDA:80,1,1,0
BRDA:83,2,0,0
BRDA:83,2,1,0
BRDA:90,3,0,0
BRDA:90,3,1,0
BRDA:97,4,0,0
BRDA:97,4,1,0
BRDA:98,5,0,0
BRDA:98,5,1,0
BRDA:108,6,0,0
BRDA:108,6,1,0
BRDA:113,7,0,0
BRDA:113,7,1,0
BRDA:120,8,0,0
BRDA:120,8,1,0
BRDA:154,9,0,100
BRDA:154,9,1,0
BRDA:163,10,0,45
BRDA:163,10,1,55
BRDA:170,11,0,72
BRDA:170,11,1,28
BRDA:172,12,0,49
BRDA:172,12,1,51
BRDA:183,13,0,2
BRDA:183,13,1,98
BRDA:198,14,0,0
BRDA:198,14,1,2
BRDA:198,15,0,2
BRDA:198,15,1,2
BRDA:203,16,0,100
BRDA:203,16,1,93
BRDA:203,16,2,93
BRDA:203,16,3,93
BRDA:203,16,4,93
BRDA:213,17,0,100
BRDA:213,17,1,0
BRDA:213,18,0,100
BRDA:213,18,1,100
BRDA:214,19,0,100
BRDA:214,19,1,0
BRDA:215,20,0,0
BRDA:215,20,1,100
BRDA:215,21,0,100
BRDA:215,21,1,0
BRDA:216,22,0,0
BRDA:216,22,1,100
BRDA:217,23,0,0
BRDA:217,23,1,0
BRDA:219,24,0,0
BRDA:219,24,1,100
BRDA:220,25,0,0
BRDA:220,25,1,0
BRDA:223,26,0,100
BRDA:223,26,1,55
BRDA:223,26,2,5
BRDA:223,26,3,5
BRDA:223,26,4,5
BRDA:259,27,0,90
BRDA:259,27,1,10
BRDA:259,28,0,0
BRDA:259,28,1,10
BRDA:273,29,0,2
BRDA:286,30,0,2
BRDA:286,30,1,0
BRDA:287,31,0,2
BRDA:287,31,1,0
BRDA:303,32,0,55
BRDA:303,32,1,45
BRDA:304,33,0,45
BRDA:304,33,1,55
BRDA:305,34,0,100
BRDA:305,34,1,30
BRDA:308,35,0,2
BRDA:308,35,1,0
BRF:76
BRH:43
end_of_record
