TN:
SF:src\components\SearchBar.tsx
FN:12,(anonymous_10)
FN:20,(anonymous_11)
FN:30,(anonymous_12)
FN:49,(anonymous_13)
FN:63,(anonymous_14)
FN:65,(anonymous_15)
FN:67,(anonymous_16)
FN:74,(anonymous_17)
FN:92,(anonymous_18)
FN:99,(anonymous_19)
FN:103,(anonymous_20)
FN:114,(anonymous_21)
FN:134,(anonymous_22)
FN:152,(anonymous_23)
FN:168,(anonymous_24)
FN:178,(anonymous_25)
FN:186,(anonymous_26)
FN:189,(anonymous_27)
FN:210,(anonymous_28)
FN:215,(anonymous_29)
FN:264,(anonymous_30)
FN:269,(anonymous_31)
FN:270,(anonymous_32)
FN:277,(anonymous_33)
FN:290,(anonymous_34)
FN:295,(anonymous_35)
FN:296,(anonymous_36)
FNF:27
FNH:3
FNDA:7,(anonymous_10)
FNDA:7,(anonymous_11)
FNDA:0,(anonymous_12)
FNDA:7,(anonymous_13)
FNDA:0,(anonymous_14)
FNDA:0,(anonymous_15)
FNDA:0,(anonymous_16)
FNDA:0,(anonymous_17)
FNDA:0,(anonymous_18)
FNDA:0,(anonymous_19)
FNDA:0,(anonymous_20)
FNDA:0,(anonymous_21)
FNDA:0,(anonymous_22)
FNDA:0,(anonymous_23)
FNDA:0,(anonymous_24)
FNDA:0,(anonymous_25)
FNDA:0,(anonymous_26)
FNDA:0,(anonymous_27)
FNDA:0,(anonymous_28)
FNDA:0,(anonymous_29)
FNDA:0,(anonymous_30)
FNDA:0,(anonymous_31)
FNDA:0,(anonymous_32)
FNDA:0,(anonymous_33)
FNDA:0,(anonymous_34)
FNDA:0,(anonymous_35)
FNDA:0,(anonymous_36)
DA:3,1
DA:4,1
DA:5,1
DA:12,1
DA:18,7
DA:19,7
DA:20,7
DA:21,7
DA:23,7
DA:24,7
DA:25,7
DA:27,7
DA:28,7
DA:30,7
DA:31,0
DA:32,0
DA:33,0
DA:34,0
DA:38,0
DA:39,0
DA:41,0
DA:49,7
DA:50,7
DA:63,7
DA:64,0
DA:65,0
DA:66,0
DA:67,0
DA:71,0
DA:74,7
DA:75,0
DA:76,0
DA:77,0
DA:79,0
DA:80,0
DA:81,0
DA:83,0
DA:84,0
DA:85,0
DA:89,0
DA:92,7
DA:93,0
DA:99,0
DA:100,0
DA:103,0
DA:104,0
DA:105,0
DA:106,0
DA:109,0
DA:110,0
DA:111,0
DA:114,7
DA:115,0
DA:116,0
DA:117,0
DA:118,0
DA:120,0
DA:121,0
DA:122,0
DA:123,0
DA:124,0
DA:126,0
DA:127,0
DA:129,0
DA:132,0
DA:133,0
DA:134,0
DA:137,0
DA:138,0
DA:140,0
DA:144,0
DA:145,0
DA:149,0
DA:152,7
DA:153,0
DA:154,0
DA:155,0
DA:156,0
DA:157,0
DA:158,0
DA:168,7
DA:169,0
DA:170,0
DA:171,0
DA:172,0
DA:173,0
DA:174,0
DA:178,7
DA:179,0
DA:181,0
DA:182,0
DA:184,0
DA:185,0
DA:186,0
DA:187,0
DA:188,0
DA:189,0
DA:190,0
DA:191,0
DA:192,0
DA:193,0
DA:194,0
DA:195,0
DA:196,0
DA:197,0
DA:210,7
DA:211,0
DA:215,7
DA:216,0
DA:217,0
DA:220,0
DA:221,0
DA:226,7
DA:265,0
DA:269,0
DA:270,0
DA:278,0
DA:291,0
DA:295,0
DA:296,0
LF:120
LH:26
BRDA:15,0,0,7
BRDA:21,1,0,7
BRDA:21,1,1,0
BRDA:64,2,0,0
BRDA:64,2,1,0
BRDA:64,3,0,0
BRDA:64,3,1,0
BRDA:66,4,0,0
BRDA:66,4,1,0
BRDA:71,5,0,0
BRDA:71,5,1,0
BRDA:79,6,0,0
BRDA:79,6,1,0
BRDA:80,7,0,0
BRDA:80,7,1,0
BRDA:81,8,0,0
BRDA:81,8,1,0
BRDA:84,9,0,0
BRDA:84,9,1,0
BRDA:120,10,0,0
BRDA:120,10,1,0
BRDA:127,11,0,0
BRDA:127,11,1,0
BRDA:132,12,0,0
BRDA:132,12,1,0
BRDA:144,13,0,0
BRDA:144,13,1,0
BRDA:179,14,0,0
BRDA:179,14,1,0
BRDA:181,15,0,0
BRDA:181,15,1,0
BRDA:182,16,0,0
BRDA:182,16,1,0
BRDA:184,17,0,0
BRDA:184,17,1,0
BRDA:187,18,0,0
BRDA:187,18,1,0
BRDA:190,19,0,0
BRDA:190,19,1,0
BRDA:190,20,0,0
BRDA:190,20,1,0
BRDA:193,21,0,0
BRDA:193,21,1,0
BRDA:216,22,0,0
BRDA:216,22,1,0
BRDA:216,23,0,0
BRDA:216,23,1,0
BRDA:218,24,0,0
BRDA:218,24,1,0
BRDA:220,25,0,0
BRDA:220,25,1,0
BRDA:246,26,0,0
BRDA:246,26,1,7
BRDA:249,27,0,7
BRDA:249,27,1,0
BRDA:254,28,0,7
BRDA:254,28,1,0
BRDA:261,29,0,7
BRDA:261,29,1,0
BRDA:263,30,0,0
BRDA:263,30,1,0
BRDA:263,31,0,0
BRDA:263,31,1,0
BRDA:268,32,0,0
BRDA:268,32,1,0
BRDA:278,33,0,0
BRDA:278,33,1,0
BRDA:294,34,0,0
BRDA:294,34,1,0
BRF:69
BRH:6
end_of_record
TN:
SF:src\utils\analyticsEngine.ts
FN:5,(anonymous_0)
FN:25,calculateStringSimilarity
FN:28,(anonymous_2)
FN:43,generateTimeSeriesAnalysis
FN:46,(anonymous_4)
FN:54,(anonymous_5)
FN:56,(anonymous_6)
FN:61,(anonymous_7)
FN:67,calculateMarketCorrelation
FN:70,(anonymous_9)
FN:92,(anonymous_10)
FN:96,(anonymous_11)
FN:97,(anonymous_12)
FN:98,(anonymous_13)
FN:99,(anonymous_14)
FN:100,(anonymous_15)
FN:129,performBehaviorClustering
FN:132,(anonymous_17)
FN:139,(anonymous_18)
FN:151,analyzeSpendingPattern
FN:152,(anonymous_20)
FN:156,(anonymous_21)
FN:163,calculateFraudScores
FN:164,(anonymous_23)
FN:185,calculateFraudScoresAsync
FN:194,(anonymous_25)
FNF:26
FNH:24
FNDA:1,(anonymous_0)
FNDA:6,calculateStringSimilarity
FNDA:44,(anonymous_2)
FNDA:1,generateTimeSeriesAnalysis
FNDA:3,(anonymous_4)
FNDA:1,(anonymous_5)
FNDA:1,(anonymous_6)
FNDA:1,(anonymous_7)
FNDA:1,calculateMarketCorrelation
FNDA:3,(anonymous_9)
FNDA:1,(anonymous_10)
FNDA:2,(anonymous_11)
FNDA:2,(anonymous_12)
FNDA:2,(anonymous_13)
FNDA:2,(anonymous_14)
FNDA:2,(anonymous_15)
FNDA:1,performBehaviorClustering
FNDA:3,(anonymous_17)
FNDA:2,(anonymous_18)
FNDA:2,analyzeSpendingPattern
FNDA:3,(anonymous_20)
FNDA:3,(anonymous_21)
FNDA:1,calculateFraudScores
FNDA:3,(anonymous_23)
FNDA:0,calculateFraudScoresAsync
FNDA:0,(anonymous_25)
DA:5,1
DA:6,1
DA:8,1
DA:9,1
DA:10,1
DA:11,1
DA:13,1
DA:15,1
DA:26,6
DA:27,4
DA:28,44
DA:30,44
DA:31,44
DA:33,4
DA:34,40
DA:35,396
DA:36,396
DA:40,4
DA:44,1
DA:46,1
DA:47,3
DA:48,3
DA:49,3
DA:50,3
DA:53,1
DA:54,1
DA:55,1
DA:56,1
DA:57,1
DA:60,1
DA:61,1
DA:64,1
DA:68,1
DA:70,1
DA:71,3
DA:72,3
DA:75,1
DA:76,1
DA:78,1
DA:79,2
DA:80,2
DA:81,4
DA:82,4
DA:83,4
DA:89,1
DA:92,1
DA:93,1
DA:94,1
DA:96,2
DA:97,2
DA:98,2
DA:99,2
DA:100,2
DA:102,1
DA:103,1
DA:107,1
DA:130,1
DA:132,1
DA:133,3
DA:134,3
DA:137,1
DA:139,1
DA:140,2
DA:141,2
DA:143,2
DA:144,2
DA:147,1
DA:152,3
DA:153,2
DA:155,2
DA:156,2
DA:157,3
DA:160,2
DA:164,1
DA:165,3
DA:166,3
DA:168,3
DA:169,9
DA:170,6
DA:172,6
DA:173,6
DA:174,6
DA:176,6
DA:177,2
DA:181,3
DA:185,1
DA:190,0
DA:191,0
DA:192,0
DA:194,0
DA:195,0
DA:196,0
DA:199,0
DA:200,0
DA:203,0
DA:205,0
DA:206,0
DA:208,0
DA:212,0
LF:99
LH:86
BRDA:26,0,0,2
BRDA:26,0,1,4
BRDA:35,1,0,8
BRDA:35,1,1,388
BRDA:48,2,0,3
BRDA:48,2,1,1
BRDA:71,3,0,2
BRDA:71,3,1,1
BRDA:83,4,0,1
BRDA:83,4,1,3
BRDA:83,5,0,4
BRDA:83,5,1,2
BRDA:94,6,0,0
BRDA:94,6,1,1
BRDA:107,7,0,0
BRDA:107,7,1,1
BRDA:133,8,0,2
BRDA:133,8,1,1
BRDA:143,9,0,2
BRDA:143,9,1,0
BRDA:157,10,0,3
BRDA:157,10,1,2
BRDA:169,11,0,3
BRDA:169,11,1,6
BRDA:176,12,0,2
BRDA:176,12,1,4
BRDA:176,13,0,6
BRDA:176,13,1,2
BRDA:176,13,2,2
BRDA:205,14,0,0
BRDA:205,14,1,0
BRF:31
BRH:26
end_of_record
TN:
SF:src\utils\dataGenerator.ts
FN:113,generateTransactionDataAsync
FN:121,(anonymous_1)
FN:122,(anonymous_2)
FN:166,(anonymous_3)
FN:244,generateTransactionData
FN:286,(anonymous_5)
FN:293,searchTransactions
FN:301,(anonymous_7)
FN:311,filterTransactions
FN:312,(anonymous_9)
FN:327,calculateTransactionRisk
FN:357,getStatus
FN:362,getRandom
FN:366,generateRandomDescription
FN:373,startDataRefresh
FN:377,stopDataRefresh
FN:382,getGlobalAnalytics
FN:391,calculateSummary
FNF:18
FNH:13
FNDA:0,generateTransactionDataAsync
FNDA:0,(anonymous_1)
FNDA:0,(anonymous_2)
FNDA:0,(anonymous_3)
FNDA:1,generateTransactionData
FNDA:0,(anonymous_5)
FNDA:1,searchTransactions
FNDA:50,(anonymous_7)
FNDA:1,filterTransactions
FNDA:50,(anonymous_9)
FNDA:50,calculateTransactionRisk
FNDA:50,getStatus
FNDA:237,getRandom
FNDA:50,generateRandomDescription
FNDA:1,startDataRefresh
FNDA:1,stopDataRefresh
FNDA:1,getGlobalAnalytics
FNDA:1,calculateSummary
DA:8,1
DA:26,1
DA:49,1
DA:63,1
DA:66,1
DA:113,1
DA:118,0
DA:119,0
DA:121,0
DA:122,0
DA:123,0
DA:126,0
DA:131,0
DA:132,0
DA:133,0
DA:135,0
DA:151,0
DA:152,0
DA:155,0
DA:156,0
DA:157,0
DA:159,0
DA:160,0
DA:161,0
DA:163,0
DA:166,0
DA:167,0
DA:171,0
DA:172,0
DA:174,0
DA:244,1
DA:245,1
DA:247,1
DA:248,50
DA:252,50
DA:253,50
DA:255,50
DA:276,50
DA:279,50
DA:282,50
DA:283,1
DA:286,1
DA:290,1
DA:293,1
DA:297,1
DA:299,1
DA:300,1
DA:302,50
DA:311,1
DA:312,1
DA:313,50
DA:314,50
DA:315,50
DA:316,50
DA:319,50
DA:323,50
DA:327,1
DA:328,50
DA:331,50
DA:340,50
DA:341,50
DA:343,50
DA:344,250
DA:348,250
DA:349,500
DA:353,50
DA:357,1
DA:358,50
DA:359,50
DA:362,1
DA:363,237
DA:366,1
DA:367,50
DA:368,50
DA:369,50
DA:373,1
DA:374,1
DA:377,1
DA:378,1
DA:382,1
DA:383,1
DA:391,1
DA:392,1
DA:401,1
DA:402,50
DA:403,50
DA:404,50
DA:405,50
DA:408,1
DA:412,1
LF:90
LH:66
BRDA:116,0,0,0
BRDA:127,1,0,0
BRDA:127,1,1,0
BRDA:127,1,2,0
BRDA:127,1,3,0
BRDA:133,2,0,0
BRDA:133,2,1,0
BRDA:140,3,0,0
BRDA:140,3,1,0
BRDA:147,4,0,0
BRDA:147,4,1,0
BRDA:148,5,0,0
BRDA:148,5,1,0
BRDA:159,6,0,0
BRDA:159,6,1,0
BRDA:160,7,0,0
BRDA:160,7,1,0
BRDA:171,8,0,0
BRDA:171,8,1,0
BRDA:253,9,0,50
BRDA:253,9,1,0
BRDA:262,10,0,22
BRDA:262,10,1,28
BRDA:269,11,0,37
BRDA:269,11,1,13
BRDA:271,12,0,21
BRDA:271,12,1,29
BRDA:282,13,0,1
BRDA:282,13,1,49
BRDA:297,14,0,0
BRDA:297,14,1,1
BRDA:297,15,0,1
BRDA:297,15,1,1
BRDA:302,16,0,50
BRDA:302,16,1,48
BRDA:302,16,2,48
BRDA:302,16,3,44
BRDA:302,16,4,44
BRDA:302,16,5,44
BRDA:313,17,0,50
BRDA:313,17,1,0
BRDA:313,18,0,50
BRDA:313,18,1,50
BRDA:314,19,0,50
BRDA:314,19,1,0
BRDA:315,20,0,0
BRDA:315,20,1,50
BRDA:315,21,0,50
BRDA:315,21,1,0
BRDA:316,22,0,0
BRDA:316,22,1,50
BRDA:317,23,0,0
BRDA:317,23,1,0
BRDA:319,24,0,0
BRDA:319,24,1,50
BRDA:320,25,0,0
BRDA:320,25,1,0
BRDA:323,26,0,50
BRDA:323,26,1,28
BRDA:323,26,2,5
BRDA:323,26,3,5
BRDA:323,26,4,5
BRDA:359,27,0,45
BRDA:359,27,1,5
BRDA:359,28,0,0
BRDA:359,28,1,5
BRDA:373,29,0,1
BRDA:386,30,0,1
BRDA:386,30,1,0
BRDA:387,31,0,1
BRDA:387,31,1,0
BRDA:403,32,0,28
BRDA:403,32,1,22
BRDA:404,33,0,22
BRDA:404,33,1,28
BRDA:405,34,0,50
BRDA:405,34,1,14
BRDA:408,35,0,1
BRDA:408,35,1,0
BRF:79
BRH:44
end_of_record
TN:
SF:src\utils\riskUtils.ts
FN:4,(anonymous_0)
FN:9,(anonymous_1)
FN:17,(anonymous_2)
FN:23,(anonymous_3)
FN:26,(anonymous_4)
FN:37,(anonymous_5)
FN:42,(anonymous_6)
FN:46,(anonymous_7)
FN:50,(anonymous_8)
FNF:9
FNH:9
FNDA:4,(anonymous_0)
FNDA:10,(anonymous_1)
FNDA:4,(anonymous_2)
FNDA:13,(anonymous_3)
FNDA:13,(anonymous_4)
FNDA:5,(anonymous_5)
FNDA:12,(anonymous_6)
FNDA:9,(anonymous_7)
FNDA:4,(anonymous_8)
DA:4,1
DA:5,4
DA:6,1
DA:9,10
DA:10,3
DA:11,3
DA:12,3
DA:14,3
DA:17,1
DA:18,4
DA:19,1
DA:22,3
DA:23,13
DA:25,3
DA:26,13
DA:30,3
DA:31,3
DA:32,3
DA:34,3
DA:37,1
DA:38,5
DA:39,1
DA:42,12
DA:43,4
DA:44,1
DA:46,9
DA:48,3
DA:49,3
DA:50,4
DA:52,3
LF:30
LH:30
BRDA:5,0,0,1
BRDA:5,0,1,3
BRDA:5,1,0,4
BRDA:5,1,1,3
BRDA:10,2,0,2
BRDA:10,2,1,1
BRDA:11,3,0,2
BRDA:11,3,1,1
BRDA:12,4,0,2
BRDA:12,4,1,1
BRDA:18,5,0,1
BRDA:18,5,1,3
BRDA:18,6,0,4
BRDA:18,6,1,3
BRDA:18,6,2,3
BRDA:18,6,3,3
BRDA:23,7,0,13
BRDA:23,7,1,9
BRDA:26,8,0,13
BRDA:26,8,1,9
BRDA:31,9,0,1
BRDA:31,9,1,2
BRDA:32,10,0,1
BRDA:32,10,1,2
BRDA:38,11,0,1
BRDA:38,11,1,4
BRDA:38,12,0,5
BRDA:38,12,1,4
BRDA:43,13,0,1
BRDA:43,13,1,3
BRDA:49,14,0,1
BRDA:49,14,1,2
BRDA:49,15,0,3
BRDA:49,15,1,2
BRF:34
BRH:34
end_of_record
